TN:
SF:src/index.ts
FN:1,__name
FN:12,<instance_members_initializer>
FN:12,<static_initializer>
FN:15,Textile
FN:20,_init
FN:26,anonymous_5
FN:29,use
FN:32,parse
FN:33,htmlToJsonML
FNDA:1,__name
FNDA:2,<instance_members_initializer>
FNDA:1,<static_initializer>
FNDA:2,Textile
FNDA:14,_init
FNDA:0,anonymous_5
FNDA:0,use
FNDA:14,parse
FNDA:0,htmlToJsonML
FNF:9
FNH:6
BRDA:1,0,0,1
BRDA:1,1,0,1
BRDA:12,2,0,2
BRDA:12,3,0,1
BRDA:15,4,0,2
BRDA:17,5,0,1
BRDA:20,6,0,14
BRDA:20,7,0,0
BRDA:25,8,0,0
BRDA:32,9,0,14
BRF:10
BRH:8
DA:1,1
DA:2,1
DA:3,1
DA:4,1
DA:5,1
DA:6,1
DA:7,1
DA:8,1
DA:9,1
DA:10,1
DA:11,1
DA:12,1
DA:13,1
DA:14,1
DA:15,1
DA:16,2
DA:17,2
DA:18,2
DA:19,2
DA:20,1
DA:21,0
DA:22,14
DA:23,14
DA:24,14
DA:25,14
DA:26,0
DA:27,0
DA:28,14
DA:29,1
DA:30,0
DA:31,0
DA:32,1
DA:33,1
DA:34,1
DA:35,1
DA:36,1
DA:37,1
DA:38,1
DA:39,1
DA:40,1
DA:41,1
DA:42,1
DA:43,1
DA:44,1
DA:45,1
DA:46,1
DA:47,1
DA:48,1
DA:49,1
DA:50,1
DA:51,1
DA:52,1
DA:53,1
DA:54,1
DA:55,1
DA:56,1
DA:57,1
DA:58,1
DA:59,1
DA:60,1
DA:61,1
DA:62,1
DA:63,1
DA:64,1
DA:65,1
DA:66,1
LH:61
LF:66
end_of_record
SF:src/lib/builder.ts
FN:1,__name
FN:5,<instance_members_initializer>
FN:5,<static_initializer>
FN:7,Ribbon
FN:10,index
FN:11,save
FN:15,load
FN:21,advance
FN:26,skipWS
FN:31,lookbehind
FN:35,startsWith
FN:38,slice
FN:41,valueOf
FN:42,toString
FN:42,<instance_members_initializer>
FN:42,<static_initializer>
FN:45,Builder
FN:48,add
FN:59,anonymous_18
FN:62,merge
FN:63,linebreak
FN:66,get
FNDA:2,__name
FNDA:28,<instance_members_initializer>
FNDA:1,<static_initializer>
FNDA:28,Ribbon
FNDA:0,index
FNDA:116,save
FNDA:0,load
FNDA:149,advance
FNDA:0,skipWS
FNDA:99,lookbehind
FNDA:0,startsWith
FNDA:0,slice
FNDA:130,valueOf
FNDA:241,toString
FNDA:28,<instance_members_initializer>
FNDA:1,<static_initializer>
FNDA:28,Builder
FNDA:118,add
FNDA:43,anonymous_18
FNDA:14,merge
FNDA:14,linebreak
FNDA:28,get
FNF:22
FNH:17
BRDA:1,0,0,1
BRDA:1,1,0,2
BRDA:5,2,0,28
BRDA:5,3,0,1
BRDA:7,4,0,28
BRDA:11,5,0,116
BRDA:21,6,0,149
BRDA:23,7,0,38
BRDA:23,8,0,111
BRDA:31,9,0,99
BRDA:32,10,0,0
BRDA:41,11,0,130
BRDA:42,12,0,241
BRDA:42,13,0,28
BRDA:42,14,0,1
BRDA:45,15,0,28
BRDA:45,16,0,0
BRDA:48,17,0,118
BRDA:48,18,0,102
BRDA:51,19,0,86
BRDA:54,20,0,32
BRDA:58,21,0,16
BRDA:59,22,0,43
BRDA:62,23,0,14
BRDA:63,24,0,14
BRDA:65,25,0,0
BRDA:66,26,0,28
BRF:27
BRH:24
DA:1,1
DA:2,2
DA:3,2
DA:4,1
DA:5,1
DA:6,1
DA:7,1
DA:8,28
DA:9,28
DA:10,1
DA:11,0
DA:12,116
DA:13,116
DA:14,116
DA:15,1
DA:16,0
DA:17,0
DA:18,0
DA:19,0
DA:20,0
DA:21,1
DA:22,149
DA:23,149
DA:24,149
DA:25,149
DA:26,1
DA:27,0
DA:28,0
DA:29,0
DA:30,0
DA:31,99
DA:32,99
DA:33,99
DA:34,99
DA:35,1
DA:36,0
DA:37,0
DA:38,1
DA:39,0
DA:40,0
DA:41,1
DA:42,1
DA:43,1
DA:44,1
DA:45,28
DA:46,0
DA:47,28
DA:48,1
DA:49,102
DA:50,102
DA:51,118
DA:52,86
DA:53,86
DA:54,118
DA:55,32
DA:56,32
DA:57,32
DA:58,32
DA:59,16
DA:60,16
DA:61,118
DA:62,1
DA:63,1
DA:64,14
DA:65,14
DA:66,28
DA:67,1
DA:68,1
DA:69,1
DA:70,1
DA:71,1
DA:72,1
DA:73,1
DA:74,1
DA:75,1
DA:76,1
DA:77,1
DA:78,1
DA:79,1
DA:80,1
DA:81,1
DA:82,1
DA:83,1
DA:84,1
DA:85,1
DA:86,1
DA:87,1
DA:88,1
DA:89,1
DA:90,1
DA:91,1
DA:92,1
DA:93,1
DA:94,1
LH:79
LF:94
end_of_record
SF:src/lib/html-jml.ts
FN:2,__name
FN:11,anonymous_1
FN:22,flattenChildren
FN:23,anonymous_3
FN:29,anonymous_4
FN:37,anonymous_5
FN:49,anonymous_6
FN:59,anonymous_7
FNDA:4,__name
FNDA:0,anonymous_1
FNDA:14,flattenChildren
FNDA:18,anonymous_3
FNDA:32,anonymous_4
FNDA:10,anonymous_5
FNDA:18,anonymous_6
FNDA:14,anonymous_7
FNF:8
FNH:7
BRDA:1,0,0,1
BRDA:2,1,0,4
BRDA:22,2,0,14
BRDA:23,3,0,18
BRDA:24,4,0,2
BRDA:25,5,0,0
BRDA:29,6,0,32
BRDA:30,7,0,16
BRDA:31,8,0,0
BRDA:32,9,0,16
BRDA:34,10,0,14
BRDA:35,11,0,9
BRDA:36,12,0,9
BRDA:42,13,0,16
BRDA:43,14,0,2
BRDA:44,15,0,14
BRDA:37,16,0,10
BRDA:49,17,0,18
BRDA:50,18,0,2
BRDA:59,19,0,14
BRF:20
BRH:18
DA:1,1
DA:2,1
DA:3,1
DA:4,1
DA:5,1
DA:6,1
DA:7,1
DA:8,1
DA:9,1
DA:10,1
DA:11,1
DA:12,0
DA:13,0
DA:14,0
DA:15,0
DA:16,0
DA:17,0
DA:18,0
DA:19,0
DA:20,0
DA:21,0
DA:22,1
DA:23,14
DA:24,18
DA:25,18
DA:26,1
DA:27,1
DA:28,1
DA:29,1
DA:30,32
DA:31,32
DA:32,32
DA:33,16
DA:34,16
DA:35,32
DA:36,32
DA:37,9
DA:38,10
DA:39,10
DA:40,9
DA:41,9
DA:42,32
DA:43,32
DA:44,32
DA:45,14
DA:46,14
DA:47,14
DA:48,14
DA:49,14
DA:50,18
DA:51,14
DA:52,14
DA:53,14
DA:54,14
DA:55,14
DA:56,14
DA:57,1
DA:58,1
DA:59,1
DA:60,14
DA:61,14
DA:62,14
DA:63,1
DA:64,1
DA:65,1
DA:66,1
DA:67,1
DA:68,1
DA:69,1
DA:70,1
DA:71,1
DA:72,1
DA:73,1
DA:74,1
DA:75,1
DA:76,1
DA:77,1
DA:78,1
DA:79,1
DA:80,1
DA:81,1
DA:82,1
DA:83,1
DA:84,1
DA:85,1
DA:86,1
DA:87,1
DA:88,1
DA:89,1
DA:90,1
DA:91,1
DA:92,1
DA:93,1
DA:94,1
DA:95,1
DA:96,1
DA:97,1
DA:98,1
DA:99,1
DA:100,1
DA:101,1
DA:102,1
DA:103,1
DA:104,1
DA:105,1
DA:106,1
DA:107,1
DA:108,1
DA:109,1
DA:110,1
DA:111,1
DA:112,1
DA:113,1
DA:114,1
LH:104
LF:114
end_of_record
SF:src/lib/parsers.ts
FN:1,__name
FN:10,copyAttr
FN:20,parseAttr
FN:33,anonymous_3
FN:92,parseGlyph
FN:131,parseHtmlAttr
FN:142,tokenize
FN:192,parseHtml
FN:217,parseInline
FN:338,listPad
FN:340,parseList
FN:396,fixLinks
FN:400,parseColgroup
FN:417,parseTable
FNDA:12,__name
FNDA:0,copyAttr
FNDA:21,parseAttr
FNDA:2,anonymous_3
FNDA:18,parseGlyph
FNDA:0,parseHtmlAttr
FNDA:0,tokenize
FNDA:0,parseHtml
FNDA:102,parseInline
FNDA:0,listPad
FNDA:0,parseList
FNDA:57,fixLinks
FNDA:0,parseColgroup
FNDA:0,parseTable
FNF:14
FNH:6
BRDA:1,0,0,1
BRDA:1,1,0,12
BRDA:20,2,0,12
BRDA:23,3,0,0
BRDA:29,4,0,0
BRDA:30,5,0,0
BRDA:30,6,0,21
BRDA:32,7,0,1
BRDA:40,8,0,20
BRDA:41,9,0,1
BRDA:42,10,0,0
BRDA:42,11,0,0
BRDA:46,12,0,0
BRDA:50,13,0,19
BRDA:52,14,0,1
BRDA:54,15,0,0
BRDA:54,16,0,0
BRDA:54,17,0,0
BRDA:57,18,0,18
BRDA:57,19,0,0
BRDA:57,20,0,18
BRDA:58,21,0,1
BRDA:60,22,0,17
BRDA:60,23,0,1
BRDA:64,24,0,16
BRDA:65,25,0,0
BRDA:65,26,0,16
BRDA:66,27,0,4
BRDA:68,28,0,0
BRDA:71,29,0,12
BRDA:72,30,0,0
BRDA:76,31,0,12
BRDA:76,32,0,0
BRDA:88,33,0,8
BRDA:89,34,0,7
BRDA:91,35,0,3
BRDA:91,36,0,9
BRDA:33,37,0,2
BRDA:92,38,0,18
BRDA:96,39,0,2
BRDA:97,40,0,16
BRDA:217,41,0,14
BRDA:220,42,0,102
BRDA:221,43,0,0
BRDA:222,44,0,3
BRDA:223,45,0,0
BRDA:224,46,0,2
BRDA:226,47,0,99
BRDA:227,48,0,0
BRDA:228,49,0,99
BRDA:234,50,0,85
BRDA:234,51,0,0
BRDA:235,52,0,0
BRDA:255,53,0,99
BRDA:256,54,0,0
BRDA:259,55,0,99
BRDA:260,56,0,0
BRDA:261,57,0,99
BRDA:263,58,0,0
BRDA:288,59,0,99
BRDA:289,60,0,0
BRDA:291,61,0,0
BRDA:297,62,0,99
BRDA:298,63,0,0
BRDA:305,64,0,99
BRDA:306,65,0,59
BRDA:307,66,0,99
BRDA:307,67,0,0
BRDA:327,68,0,99
BRDA:333,69,0,0
BRDA:334,70,0,0
BRDA:396,71,0,30
BRDA:397,72,0,0
BRDA:399,73,0,57
BRDA:399,74,0,16
BRF:75
BRH:46
DA:1,1
DA:2,1
DA:3,1
DA:4,1
DA:5,1
DA:6,1
DA:7,1
DA:8,1
DA:9,1
DA:10,1
DA:11,0
DA:12,0
DA:13,0
DA:14,0
DA:15,0
DA:16,0
DA:17,0
DA:18,0
DA:19,0
DA:20,1
DA:21,12
DA:22,12
DA:23,12
DA:24,12
DA:25,12
DA:26,12
DA:27,12
DA:28,12
DA:29,12
DA:30,12
DA:31,21
DA:32,21
DA:33,1
DA:34,2
DA:35,1
DA:36,1
DA:37,1
DA:38,1
DA:39,1
DA:40,21
DA:41,21
DA:42,1
DA:43,0
DA:44,0
DA:45,0
DA:46,1
DA:47,0
DA:48,0
DA:49,0
DA:50,21
DA:51,19
DA:52,21
DA:53,1
DA:54,1
DA:55,1
DA:56,1
DA:57,21
DA:58,18
DA:59,1
DA:60,18
DA:61,1
DA:62,1
DA:63,1
DA:64,21
DA:65,21
DA:66,16
DA:67,4
DA:68,4
DA:69,4
DA:70,4
DA:71,21
DA:72,21
DA:73,0
DA:74,0
DA:75,0
DA:76,21
DA:77,0
DA:78,0
DA:79,0
DA:80,0
DA:81,0
DA:82,0
DA:83,0
DA:84,0
DA:85,12
DA:86,12
DA:87,12
DA:88,12
DA:89,12
DA:90,12
DA:91,12
DA:92,1
DA:93,18
DA:94,18
DA:95,18
DA:96,18
DA:97,18
DA:98,16
DA:99,16
DA:100,16
DA:101,16
DA:102,16
DA:103,16
DA:104,16
DA:105,16
DA:106,16
DA:107,16
DA:108,16
DA:109,16
DA:110,16
DA:111,16
DA:112,16
DA:113,16
DA:114,16
DA:115,16
DA:116,16
DA:117,16
DA:118,16
DA:119,16
DA:120,16
DA:121,16
DA:122,16
DA:123,16
DA:124,16
DA:125,16
DA:126,16
DA:127,16
DA:128,16
DA:129,16
DA:130,1
DA:131,1
DA:132,0
DA:133,0
DA:134,0
DA:135,0
DA:136,0
DA:137,0
DA:138,0
DA:139,0
DA:140,0
DA:141,1
DA:142,1
DA:143,0
DA:144,0
DA:145,0
DA:146,0
DA:147,0
DA:148,0
DA:149,0
DA:150,0
DA:151,0
DA:152,0
DA:153,0
DA:154,0
DA:155,0
DA:156,0
DA:157,0
DA:158,0
DA:159,0
DA:160,0
DA:161,0
DA:162,0
DA:163,0
DA:164,0
DA:165,0
DA:166,0
DA:167,0
DA:168,0
DA:169,0
DA:170,0
DA:171,0
DA:172,0
DA:173,0
DA:174,0
DA:175,0
DA:176,0
DA:177,0
DA:178,0
DA:179,0
DA:180,0
DA:181,0
DA:182,0
DA:183,0
DA:184,0
DA:185,0
DA:186,0
DA:187,0
DA:188,0
DA:189,0
DA:190,0
DA:191,0
DA:192,1
DA:193,0
DA:194,0
DA:195,0
DA:196,0
DA:197,0
DA:198,0
DA:199,0
DA:200,0
DA:201,0
DA:202,0
DA:203,0
DA:204,0
DA:205,0
DA:206,0
DA:207,0
DA:208,0
DA:209,0
DA:210,0
DA:211,0
DA:212,0
DA:213,0
DA:214,0
DA:215,0
DA:216,1
DA:217,1
DA:218,14
DA:219,14
DA:220,102
DA:221,102
DA:222,102
DA:223,3
DA:224,3
DA:225,3
DA:226,102
DA:227,102
DA:228,102
DA:229,99
DA:230,99
DA:231,99
DA:232,99
DA:233,99
DA:234,102
DA:235,102
DA:236,0
DA:237,0
DA:238,0
DA:239,0
DA:240,0
DA:241,0
DA:242,0
DA:243,0
DA:244,0
DA:245,0
DA:246,0
DA:247,0
DA:248,0
DA:249,0
DA:250,0
DA:251,0
DA:252,0
DA:253,0
DA:254,0
DA:255,102
DA:256,102
DA:257,0
DA:258,0
DA:259,102
DA:260,102
DA:261,102
DA:262,99
DA:263,102
DA:264,0
DA:265,0
DA:266,0
DA:267,0
DA:268,0
DA:269,0
DA:270,0
DA:271,0
DA:272,0
DA:273,0
DA:274,0
DA:275,0
DA:276,0
DA:277,0
DA:278,0
DA:279,0
DA:280,0
DA:281,0
DA:282,0
DA:283,0
DA:284,0
DA:285,0
DA:286,0
DA:287,0
DA:288,102
DA:289,99
DA:290,0
DA:291,102
DA:292,0
DA:293,0
DA:294,0
DA:295,0
DA:296,0
DA:297,102
DA:298,102
DA:299,0
DA:300,0
DA:301,0
DA:302,0
DA:303,0
DA:304,0
DA:305,102
DA:306,102
DA:307,102
DA:308,0
DA:309,0
DA:310,0
DA:311,0
DA:312,0
DA:313,0
DA:314,0
DA:315,0
DA:316,0
DA:317,0
DA:318,0
DA:319,0
DA:320,0
DA:321,0
DA:322,0
DA:323,0
DA:324,0
DA:325,0
DA:326,0
DA:327,102
DA:328,99
DA:329,99
DA:330,99
DA:331,99
DA:332,99
DA:333,99
DA:334,102
DA:335,14
DA:336,14
DA:337,1
DA:338,1
DA:339,1
DA:340,0
DA:341,0
DA:342,0
DA:343,0
DA:344,0
DA:345,0
DA:346,0
DA:347,0
DA:348,0
DA:349,0
DA:350,0
DA:351,0
DA:352,0
DA:353,0
DA:354,0
DA:355,0
DA:356,0
DA:357,0
DA:358,0
DA:359,0
DA:360,0
DA:361,0
DA:362,0
DA:363,0
DA:364,0
DA:365,0
DA:366,0
DA:367,0
DA:368,0
DA:369,0
DA:370,0
DA:371,0
DA:372,0
DA:373,0
DA:374,0
DA:375,0
DA:376,0
DA:377,0
DA:378,0
DA:379,0
DA:380,0
DA:381,0
DA:382,0
DA:383,0
DA:384,0
DA:385,0
DA:386,0
DA:387,0
DA:388,0
DA:389,0
DA:390,0
DA:391,0
DA:392,0
DA:393,0
DA:394,0
DA:395,1
DA:396,1
DA:397,30
DA:398,0
DA:399,30
DA:400,1
DA:401,0
DA:402,0
DA:403,0
DA:404,0
DA:405,0
DA:406,0
DA:407,0
DA:408,0
DA:409,0
DA:410,0
DA:411,0
DA:412,0
DA:413,0
DA:414,0
DA:415,0
DA:416,1
DA:417,1
DA:418,0
DA:419,0
DA:420,0
DA:421,0
DA:422,0
DA:423,0
DA:424,0
DA:425,0
DA:426,0
DA:427,0
DA:428,0
DA:429,0
DA:430,0
DA:431,0
DA:432,0
DA:433,0
DA:434,0
DA:435,0
DA:436,0
DA:437,0
DA:438,0
DA:439,0
DA:440,0
DA:441,0
DA:442,0
DA:443,0
DA:444,0
DA:445,0
DA:446,0
DA:447,0
DA:448,0
DA:449,0
DA:450,0
DA:451,0
DA:452,0
DA:453,0
DA:454,0
DA:455,0
DA:456,0
DA:457,0
DA:458,0
DA:459,0
DA:460,0
DA:461,0
DA:462,0
DA:463,0
DA:464,0
DA:465,0
DA:466,0
DA:467,0
DA:468,0
DA:469,0
DA:470,0
DA:471,0
DA:472,0
DA:473,0
DA:474,0
DA:475,0
DA:476,0
DA:477,0
DA:478,0
DA:479,1
DA:480,1
DA:481,1
DA:482,1
DA:483,1
DA:484,1
DA:485,1
DA:486,1
DA:487,1
DA:488,1
DA:489,1
DA:490,1
DA:491,1
DA:492,1
DA:493,1
DA:494,1
DA:495,1
DA:496,1
DA:497,1
DA:498,1
DA:499,1
DA:500,1
DA:501,1
DA:502,1
DA:503,1
DA:504,1
DA:505,1
DA:506,1
DA:507,1
DA:508,1
DA:509,1
DA:510,1
DA:511,1
DA:512,1
DA:513,1
DA:514,1
DA:515,1
DA:516,1
DA:517,1
DA:518,1
DA:519,1
DA:520,1
DA:521,1
DA:522,1
DA:523,1
DA:524,1
DA:525,1
DA:526,1
DA:527,1
DA:528,1
DA:529,1
DA:530,1
DA:531,1
DA:532,1
DA:533,1
DA:534,1
DA:535,1
DA:536,1
DA:537,1
DA:538,1
DA:539,1
DA:540,1
DA:541,1
DA:542,1
DA:543,1
DA:544,1
DA:545,1
DA:546,1
DA:547,1
DA:548,1
DA:549,1
DA:550,1
DA:551,1
DA:552,1
DA:553,1
DA:554,1
DA:555,1
DA:556,1
DA:557,1
DA:558,1
DA:559,1
DA:560,1
DA:561,1
DA:562,1
DA:563,1
DA:564,1
DA:565,1
DA:566,1
DA:567,1
DA:568,1
DA:569,1
DA:570,1
DA:571,1
DA:572,1
DA:573,1
DA:574,1
DA:575,1
DA:576,1
DA:577,1
DA:578,1
DA:579,1
DA:580,1
DA:581,1
DA:582,1
DA:583,1
DA:584,1
DA:585,1
DA:586,1
DA:587,1
DA:588,1
DA:589,1
DA:590,1
DA:591,1
DA:592,1
DA:593,1
DA:594,1
DA:595,1
DA:596,1
DA:597,1
DA:598,1
DA:599,1
DA:600,1
DA:601,1
DA:602,1
DA:603,1
DA:604,1
DA:605,1
DA:606,1
DA:607,1
DA:608,1
DA:609,1
DA:610,1
DA:611,1
DA:612,1
DA:613,1
DA:614,1
DA:615,1
DA:616,1
DA:617,1
DA:618,1
DA:619,1
DA:620,1
DA:621,1
DA:622,1
DA:623,1
DA:624,1
DA:625,1
DA:626,1
DA:627,1
DA:628,1
DA:629,1
DA:630,1
DA:631,1
DA:632,1
DA:633,1
DA:634,1
DA:635,1
DA:636,1
DA:637,1
DA:638,1
DA:639,1
DA:640,1
DA:641,1
DA:642,1
DA:643,1
DA:644,1
DA:645,1
DA:646,1
DA:647,1
DA:648,1
DA:649,1
DA:650,1
DA:651,1
DA:652,1
DA:653,1
DA:654,1
DA:655,1
DA:656,1
DA:657,1
DA:658,1
DA:659,1
DA:660,1
DA:661,1
DA:662,1
DA:663,1
DA:664,1
DA:665,1
DA:666,1
DA:667,1
DA:668,1
DA:669,1
DA:670,1
DA:671,1
DA:672,1
DA:673,1
DA:674,1
DA:675,1
DA:676,1
DA:677,1
DA:678,1
DA:679,1
DA:680,1
DA:681,1
DA:682,1
DA:683,1
DA:684,1
DA:685,1
DA:686,1
DA:687,1
DA:688,1
DA:689,1
DA:690,1
DA:691,1
DA:692,1
DA:693,1
DA:694,1
DA:695,1
DA:696,1
DA:697,1
DA:698,1
DA:699,1
DA:700,1
DA:701,1
DA:702,1
DA:703,1
DA:704,1
DA:705,1
DA:706,1
DA:707,1
DA:708,1
DA:709,1
DA:710,1
DA:711,1
DA:712,1
DA:713,1
DA:714,1
DA:715,1
DA:716,1
DA:717,1
DA:718,1
DA:719,1
DA:720,1
DA:721,1
DA:722,1
DA:723,1
DA:724,1
DA:725,1
DA:726,1
DA:727,1
DA:728,1
DA:729,1
DA:730,1
DA:731,1
DA:732,1
DA:733,1
DA:734,1
DA:735,1
DA:736,1
DA:737,1
DA:738,1
DA:739,1
DA:740,1
DA:741,1
DA:742,1
DA:743,1
DA:744,1
DA:745,1
DA:746,1
DA:747,1
DA:748,1
DA:749,1
DA:750,1
DA:751,1
DA:752,1
DA:753,1
DA:754,1
DA:755,1
DA:756,1
DA:757,1
DA:758,1
DA:759,1
DA:760,1
DA:761,1
DA:762,1
DA:763,1
DA:764,1
DA:765,1
DA:766,1
DA:767,1
DA:768,1
DA:769,1
DA:770,1
DA:771,1
DA:772,1
DA:773,1
DA:774,1
DA:775,1
DA:776,1
DA:777,1
DA:778,1
DA:779,1
DA:780,1
DA:781,1
DA:782,1
DA:783,1
DA:784,1
DA:785,1
DA:786,1
DA:787,1
DA:788,1
DA:789,1
DA:790,1
DA:791,1
DA:792,1
DA:793,1
DA:794,1
DA:795,1
DA:796,1
DA:797,1
DA:798,1
DA:799,1
DA:800,1
DA:801,1
DA:802,1
DA:803,1
DA:804,1
DA:805,1
DA:806,1
DA:807,1
DA:808,1
DA:809,1
DA:810,1
DA:811,1
DA:812,1
DA:813,1
DA:814,1
DA:815,1
DA:816,1
DA:817,1
DA:818,1
DA:819,1
DA:820,1
DA:821,1
DA:822,1
DA:823,1
DA:824,1
DA:825,1
DA:826,1
DA:827,1
DA:828,1
DA:829,1
DA:830,1
DA:831,1
DA:832,1
DA:833,1
DA:834,1
DA:835,1
DA:836,1
DA:837,1
DA:838,1
DA:839,1
DA:840,1
DA:841,1
DA:842,1
DA:843,1
DA:844,1
DA:845,1
DA:846,1
DA:847,1
DA:848,1
DA:849,1
DA:850,1
DA:851,1
DA:852,1
DA:853,1
DA:854,1
DA:855,1
DA:856,1
DA:857,1
DA:858,1
DA:859,1
DA:860,1
DA:861,1
DA:862,1
DA:863,1
DA:864,1
DA:865,1
DA:866,1
DA:867,1
DA:868,1
DA:869,1
DA:870,1
DA:871,1
DA:872,1
DA:873,1
DA:874,1
DA:875,1
DA:876,1
DA:877,1
DA:878,1
DA:879,1
DA:880,1
DA:881,1
DA:882,1
DA:883,1
DA:884,1
DA:885,1
DA:886,1
DA:887,1
DA:888,1
DA:889,1
DA:890,1
DA:891,1
DA:892,1
DA:893,1
DA:894,1
DA:895,1
DA:896,1
DA:897,1
DA:898,1
DA:899,1
DA:900,1
DA:901,1
DA:902,1
DA:903,1
DA:904,1
DA:905,1
DA:906,1
DA:907,1
DA:908,1
DA:909,1
DA:910,1
DA:911,1
DA:912,1
DA:913,1
DA:914,1
DA:915,1
DA:916,1
DA:917,1
DA:918,1
DA:919,1
DA:920,1
DA:921,1
DA:922,1
DA:923,1
DA:924,1
DA:925,1
DA:926,1
DA:927,1
DA:928,1
DA:929,1
DA:930,1
DA:931,1
DA:932,1
DA:933,1
DA:934,1
DA:935,1
DA:936,1
DA:937,1
DA:938,1
DA:939,1
DA:940,1
DA:941,1
DA:942,1
DA:943,1
DA:944,1
DA:945,1
DA:946,1
DA:947,1
DA:948,1
DA:949,1
DA:950,1
DA:951,1
DA:952,1
DA:953,1
DA:954,1
DA:955,1
DA:956,1
DA:957,1
DA:958,1
DA:959,1
DA:960,1
DA:961,1
DA:962,1
DA:963,1
DA:964,1
DA:965,1
DA:966,1
DA:967,1
DA:968,1
DA:969,1
DA:970,1
DA:971,1
DA:972,1
DA:973,1
DA:974,1
DA:975,1
DA:976,1
DA:977,1
DA:978,1
DA:979,1
DA:980,1
DA:981,1
DA:982,1
DA:983,1
DA:984,1
DA:985,1
DA:986,1
DA:987,1
DA:988,1
DA:989,1
DA:990,1
DA:991,1
DA:992,1
DA:993,1
DA:994,1
DA:995,1
DA:996,1
DA:997,1
DA:998,1
DA:999,1
DA:1000,1
DA:1001,1
DA:1002,1
DA:1003,1
DA:1004,1
DA:1005,1
DA:1006,1
DA:1007,1
DA:1008,1
DA:1009,1
DA:1010,1
DA:1011,1
DA:1012,1
DA:1013,1
DA:1014,1
DA:1015,1
DA:1016,1
DA:1017,1
DA:1018,1
DA:1019,1
DA:1020,1
DA:1021,1
DA:1022,1
DA:1023,1
DA:1024,1
DA:1025,1
DA:1026,1
DA:1027,1
DA:1028,1
DA:1029,1
DA:1030,1
DA:1031,1
DA:1032,1
DA:1033,1
DA:1034,1
DA:1035,1
DA:1036,1
DA:1037,1
DA:1038,1
DA:1039,1
DA:1040,1
DA:1041,1
DA:1042,1
DA:1043,1
DA:1044,1
DA:1045,1
DA:1046,1
DA:1047,1
DA:1048,1
DA:1049,1
DA:1050,1
DA:1051,1
DA:1052,1
DA:1053,1
LH:738
LF:1053
end_of_record
SF:src/lib/shares/constants.ts
FNF:0
FNH:0
BRDA:1,0,0,1
BRF:1
BRH:1
DA:1,1
DA:2,1
DA:3,1
DA:4,1
DA:5,1
DA:6,1
DA:7,1
DA:8,1
DA:9,1
DA:10,1
DA:11,1
DA:12,1
DA:13,1
DA:14,1
DA:15,1
DA:16,1
DA:17,1
DA:18,1
DA:19,1
DA:20,1
DA:21,1
DA:22,1
DA:23,1
DA:24,1
DA:25,1
DA:26,1
DA:27,1
DA:28,1
DA:29,1
DA:30,1
DA:31,1
DA:32,1
DA:33,1
DA:34,1
DA:35,1
DA:36,1
DA:37,1
DA:38,1
DA:39,1
DA:40,1
DA:41,1
DA:42,1
DA:43,1
DA:44,1
DA:45,1
DA:46,1
DA:47,1
DA:48,1
DA:49,1
DA:50,1
DA:51,1
DA:52,1
DA:53,1
DA:54,1
DA:55,1
DA:56,1
DA:57,1
DA:58,1
DA:59,1
DA:60,1
DA:61,1
DA:62,1
DA:63,1
DA:64,1
LH:64
LF:64
end_of_record
SF:src/lib/shares/elements.ts
FNF:0
FNH:0
BRDA:1,0,0,1
BRF:1
BRH:1
DA:1,1
DA:2,1
DA:3,1
DA:4,1
DA:5,1
DA:6,1
DA:7,1
DA:8,1
DA:9,1
DA:10,1
DA:11,1
DA:12,1
DA:13,1
DA:14,1
DA:15,1
DA:16,1
DA:17,1
DA:18,1
DA:19,1
DA:20,1
DA:21,1
DA:22,1
DA:23,1
DA:24,1
DA:25,1
DA:26,1
DA:27,1
DA:28,1
DA:29,1
DA:30,1
DA:31,1
DA:32,1
DA:33,1
DA:34,1
DA:35,1
DA:36,1
DA:37,1
DA:38,1
DA:39,1
DA:40,1
DA:41,1
DA:42,1
DA:43,1
DA:44,1
DA:45,1
DA:46,1
DA:47,1
DA:48,1
DA:49,1
DA:50,1
DA:51,1
DA:52,1
DA:53,1
DA:54,1
DA:55,1
DA:56,1
DA:57,1
DA:58,1
DA:59,1
DA:60,1
DA:61,1
DA:62,1
DA:63,1
DA:64,1
DA:65,1
DA:66,1
DA:67,1
DA:68,1
DA:69,1
DA:70,1
DA:71,1
DA:72,1
DA:73,1
DA:74,1
DA:75,1
DA:76,1
DA:77,1
DA:78,1
DA:79,1
DA:80,1
DA:81,1
DA:82,1
DA:83,1
DA:84,1
DA:85,1
DA:86,1
DA:87,1
DA:88,1
DA:89,1
DA:90,1
DA:91,1
DA:92,1
DA:93,1
DA:94,1
DA:95,1
DA:96,1
DA:97,1
DA:98,1
DA:99,1
DA:100,1
DA:101,1
DA:102,1
DA:103,1
DA:104,1
DA:105,1
DA:106,1
DA:107,1
DA:108,1
DA:109,1
DA:110,1
DA:111,1
DA:112,1
DA:113,1
DA:114,1
DA:115,1
DA:116,1
DA:117,1
LH:117
LF:117
end_of_record
SF:src/lib/shares/helpers.ts
FN:1,__name
FN:5,anonymous_1
FN:7,anonymous_2
FN:9,anonymous_3
FN:14,anonymous_4
FN:19,merge
FN:22,reIndent
FN:30,escapeHTML
FNDA:7,__name
FNDA:0,anonymous_1
FNDA:0,anonymous_2
FNDA:0,anonymous_3
FNDA:0,anonymous_4
FNDA:0,merge
FNDA:0,reIndent
FNDA:16,escapeHTML
FNF:8
FNH:2
BRDA:1,0,0,1
BRDA:1,1,0,7
BRDA:30,2,0,16
BRDA:35,3,0,0
BRDA:36,4,0,0
BRF:5
BRH:3
DA:1,1
DA:2,7
DA:3,7
DA:4,1
DA:5,1
DA:6,1
DA:7,1
DA:8,0
DA:9,1
DA:10,0
DA:11,0
DA:12,1
DA:13,1
DA:14,1
DA:15,0
DA:16,0
DA:17,0
DA:18,0
DA:19,1
DA:20,0
DA:21,1
DA:22,1
DA:23,0
DA:24,0
DA:25,0
DA:26,0
DA:27,0
DA:28,0
DA:29,0
DA:30,1
DA:31,16
DA:32,16
DA:33,16
DA:34,16
DA:35,16
DA:36,16
DA:37,1
DA:38,1
DA:39,1
DA:40,1
DA:41,1
DA:42,1
DA:43,1
DA:44,1
DA:45,1
DA:46,1
DA:47,1
DA:48,1
DA:49,1
DA:50,1
DA:51,1
DA:52,1
DA:53,1
DA:54,1
DA:55,1
DA:56,1
DA:57,1
DA:58,1
DA:59,1
DA:60,1
DA:61,1
DA:62,1
DA:63,1
DA:64,1
DA:65,1
DA:66,1
DA:67,1
DA:68,1
DA:69,1
DA:70,1
DA:71,1
DA:72,1
DA:73,1
DA:74,1
DA:75,1
DA:76,1
DA:77,1
DA:78,1
DA:79,1
DA:80,1
DA:81,1
DA:82,1
DA:83,1
DA:84,1
DA:85,1
DA:86,1
DA:87,1
DA:88,1
DA:89,1
DA:90,1
DA:91,1
DA:92,1
DA:93,1
DA:94,1
DA:95,1
DA:96,1
DA:97,1
DA:98,1
LH:83
LF:98
end_of_record
SF:src/lib/shares/re.ts
FN:1,__name
FN:41,escape_sc
FN:46,collapse
FN:52,expandPatterns
FN:52,anonymous_4
FN:59,isRegExp
FN:62,compile
FNDA:5,__name
FNDA:0,escape_sc
FNDA:0,collapse
FNDA:51,expandPatterns
FNDA:28,anonymous_4
FNDA:23,isRegExp
FNDA:23,compile
FNF:7
FNH:5
BRDA:1,0,0,1
BRDA:1,1,0,5
BRDA:52,2,0,51
BRDA:52,3,0,28
BRDA:55,4,0,0
BRDA:59,5,0,23
BRDA:62,6,0,23
BRDA:65,7,0,14
BRDA:65,8,0,4
BRDA:65,9,0,10
BRDA:66,10,0,0
BRDA:66,11,0,0
BRDA:67,12,0,10
BRDA:68,13,0,0
BRDA:69,14,0,13
BRDA:70,15,0,0
BRDA:71,16,0,13
BRDA:72,17,0,9
BRDA:76,18,0,10
BRF:19
BRH:14
DA:1,1
DA:2,5
DA:3,5
DA:4,5
DA:5,1
DA:6,1
DA:7,1
DA:8,1
DA:9,1
DA:10,1
DA:11,1
DA:12,1
DA:13,1
DA:14,1
DA:15,1
DA:16,1
DA:17,1
DA:18,1
DA:19,1
DA:20,1
DA:21,1
DA:22,1
DA:23,1
DA:24,1
DA:25,1
DA:26,1
DA:27,1
DA:28,1
DA:29,1
DA:30,1
DA:31,1
DA:32,1
DA:33,1
DA:34,1
DA:35,1
DA:36,1
DA:37,1
DA:38,1
DA:39,1
DA:40,1
DA:41,1
DA:42,0
DA:43,0
DA:44,0
DA:45,1
DA:46,1
DA:47,0
DA:48,0
DA:49,1
DA:50,1
DA:51,1
DA:52,1
DA:53,28
DA:54,28
DA:55,28
DA:56,0
DA:57,1
DA:58,1
DA:59,1
DA:60,1
DA:61,1
DA:62,1
DA:63,23
DA:64,23
DA:65,23
DA:66,23
DA:67,23
DA:68,23
DA:69,23
DA:70,23
DA:71,23
DA:72,23
DA:73,23
DA:74,23
DA:75,23
DA:76,23
DA:77,1
DA:78,1
DA:79,1
DA:80,1
DA:81,1
DA:82,1
DA:83,1
DA:84,1
DA:85,1
DA:86,1
DA:87,1
DA:88,1
DA:89,1
DA:90,1
DA:91,1
DA:92,1
DA:93,1
DA:94,1
DA:95,1
DA:96,1
DA:97,1
DA:98,1
DA:99,1
DA:100,1
DA:101,1
DA:102,1
DA:103,1
DA:104,1
DA:105,1
DA:106,1
DA:107,1
DA:108,1
DA:109,1
DA:110,1
DA:111,1
DA:112,1
DA:113,1
DA:114,1
DA:115,1
DA:116,1
DA:117,1
DA:118,1
DA:119,1
DA:120,1
DA:121,1
DA:122,1
DA:123,1
DA:124,1
DA:125,1
DA:126,1
DA:127,1
DA:128,1
DA:129,1
DA:130,1
DA:131,1
DA:132,1
DA:133,1
DA:134,1
DA:135,1
DA:136,1
DA:137,1
DA:138,1
DA:139,1
DA:140,1
DA:141,1
DA:142,1
DA:143,1
DA:144,1
DA:145,1
DA:146,1
DA:147,1
DA:148,1
DA:149,1
DA:150,1
DA:151,1
DA:152,1
DA:153,1
DA:154,1
DA:155,1
DA:156,1
DA:157,1
DA:158,1
DA:159,1
DA:160,1
DA:161,1
DA:162,1
DA:163,1
DA:164,1
DA:165,1
DA:166,1
DA:167,1
DA:168,1
DA:169,1
DA:170,1
DA:171,1
DA:172,1
DA:173,1
DA:174,1
DA:175,1
DA:176,1
DA:177,1
DA:178,1
DA:179,1
DA:180,1
DA:181,1
DA:182,1
DA:183,1
DA:184,1
DA:185,1
DA:186,1
DA:187,1
DA:188,1
DA:189,1
DA:190,1
DA:191,1
DA:192,1
DA:193,1
DA:194,1
DA:195,1
DA:196,1
DA:197,1
DA:198,1
DA:199,1
DA:200,1
DA:201,1
DA:202,1
DA:203,1
DA:204,1
DA:205,1
DA:206,1
DA:207,1
DA:208,1
DA:209,1
DA:210,1
DA:211,1
DA:212,1
DA:213,1
DA:214,1
DA:215,1
DA:216,1
LH:210
LF:216
end_of_record
SF:src/lib/shares/retest.ts
FN:2,testBlock
FN:6,testComment
FN:7,testOpenTagBlock
FN:8,testOpenTag
FN:12,testCloseTag
FN:14,testDefList
FN:15,testList
FN:18,testTable
FNDA:12,testBlock
FNDA:101,testComment
FNDA:2,testOpenTagBlock
FNDA:99,testOpenTag
FNDA:0,testCloseTag
FNDA:2,testDefList
FNDA:2,testList
FNDA:2,testTable
FNF:8
FNH:7
BRDA:1,0,0,1
BRDA:2,1,0,12
BRDA:6,2,0,101
BRDA:7,3,0,2
BRDA:8,4,0,99
BRDA:14,5,0,2
BRDA:15,6,0,2
BRDA:18,7,0,2
BRF:8
BRH:8
DA:1,1
DA:2,1
DA:3,12
DA:4,12
DA:5,12
DA:6,1
DA:7,1
DA:8,99
DA:9,99
DA:10,99
DA:11,99
DA:12,1
DA:13,0
DA:14,1
DA:15,1
DA:16,2
DA:17,2
DA:18,1
DA:19,2
DA:20,1
DA:21,1
DA:22,1
DA:23,1
DA:24,1
DA:25,1
DA:26,1
DA:27,1
DA:28,1
DA:29,1
DA:30,1
DA:31,1
DA:32,1
DA:33,1
DA:34,1
LH:33
LF:34
end_of_record
SF:src/lib/textile-jml.ts
FN:1,__name
FN:29,parseDefList
FN:53,extend
FN:62,paragraph
FN:68,anonymous_4
FN:82,textile2jml
FNDA:4,__name
FNDA:0,parseDefList
FNDA:0,extend
FNDA:14,paragraph
FNDA:14,anonymous_4
FNDA:14,textile2jml
FNF:6
FNH:4
BRDA:1,0,0,1
BRDA:1,1,0,4
BRDA:62,2,0,14
BRDA:66,3,0,0
BRDA:68,4,0,14
BRDA:69,5,0,0
BRDA:74,6,0,0
BRDA:79,7,0,9
BRDA:79,8,0,5
BRDA:82,9,0,14
BRDA:84,10,0,0
BRDA:97,11,0,0
BRDA:103,12,0,12
BRDA:105,13,0,9
BRDA:113,14,0,0
BRDA:119,15,0,0
BRDA:121,16,0,0
BRDA:130,17,0,0
BRDA:135,18,0,0
BRDA:138,19,0,0
BRDA:140,20,0,0
BRDA:143,21,0,0
BRDA:154,22,0,0
BRDA:155,23,0,2
BRDA:156,24,0,0
BRDA:159,25,0,2
BRDA:161,26,0,0
BRDA:208,27,0,2
BRDA:209,28,0,0
BRDA:212,29,0,2
BRDA:213,30,0,0
BRDA:218,31,0,2
BRDA:218,32,0,0
BRDA:222,33,0,2
BRDA:223,34,0,0
BRDA:226,35,0,2
BRDA:234,36,0,0
BRF:37
BRH:16
DA:1,1
DA:2,4
DA:3,4
DA:4,4
DA:5,4
DA:6,4
DA:7,1
DA:8,1
DA:9,1
DA:10,1
DA:11,1
DA:12,1
DA:13,1
DA:14,1
DA:15,1
DA:16,1
DA:17,1
DA:18,1
DA:19,1
DA:20,1
DA:21,1
DA:22,1
DA:23,1
DA:24,1
DA:25,1
DA:26,1
DA:27,1
DA:28,1
DA:29,1
DA:30,0
DA:31,0
DA:32,0
DA:33,0
DA:34,0
DA:35,0
DA:36,0
DA:37,0
DA:38,0
DA:39,0
DA:40,0
DA:41,0
DA:42,0
DA:43,0
DA:44,0
DA:45,0
DA:46,0
DA:47,0
DA:48,0
DA:49,0
DA:50,0
DA:51,0
DA:52,1
DA:53,1
DA:54,0
DA:55,0
DA:56,0
DA:57,0
DA:58,0
DA:59,1
DA:60,1
DA:61,1
DA:62,1
DA:63,14
DA:64,14
DA:65,14
DA:66,14
DA:67,14
DA:68,14
DA:69,14
DA:70,0
DA:71,0
DA:72,0
DA:73,14
DA:74,14
DA:75,0
DA:76,14
DA:77,14
DA:78,14
DA:79,14
DA:80,1
DA:81,1
DA:82,1
DA:83,14
DA:84,14
DA:85,14
DA:86,14
DA:87,14
DA:88,14
DA:89,14
DA:90,14
DA:91,14
DA:92,14
DA:93,14
DA:94,14
DA:95,14
DA:96,14
DA:97,14
DA:98,0
DA:99,0
DA:100,0
DA:101,0
DA:102,14
DA:103,14
DA:104,12
DA:105,12
DA:106,9
DA:107,9
DA:108,12
DA:109,12
DA:110,12
DA:111,12
DA:112,12
DA:113,12
DA:114,12
DA:115,12
DA:116,12
DA:117,12
DA:118,12
DA:119,12
DA:120,12
DA:121,12
DA:122,0
DA:123,0
DA:124,0
DA:125,0
DA:126,0
DA:127,0
DA:128,0
DA:129,0
DA:130,12
DA:131,0
DA:132,0
DA:133,12
DA:134,12
DA:135,12
DA:136,0
DA:137,12
DA:138,12
DA:139,12
DA:140,12
DA:141,0
DA:142,12
DA:143,12
DA:144,0
DA:145,0
DA:146,0
DA:147,0
DA:148,0
DA:149,0
DA:150,0
DA:151,12
DA:152,12
DA:153,12
DA:154,12
DA:155,14
DA:156,14
DA:157,0
DA:158,0
DA:159,14
DA:160,2
DA:161,0
DA:162,0
DA:163,0
DA:164,0
DA:165,0
DA:166,0
DA:167,0
DA:168,0
DA:169,0
DA:170,0
DA:171,0
DA:172,0
DA:173,0
DA:174,0
DA:175,0
DA:176,0
DA:177,0
DA:178,0
DA:179,0
DA:180,0
DA:181,0
DA:182,0
DA:183,0
DA:184,0
DA:185,0
DA:186,0
DA:187,0
DA:188,0
DA:189,0
DA:190,0
DA:191,0
DA:192,0
DA:193,0
DA:194,0
DA:195,0
DA:196,0
DA:197,0
DA:198,0
DA:199,0
DA:200,0
DA:201,0
DA:202,0
DA:203,0
DA:204,0
DA:205,0
DA:206,0
DA:207,0
DA:208,14
DA:209,14
DA:210,0
DA:211,0
DA:212,14
DA:213,14
DA:214,0
DA:215,0
DA:216,0
DA:217,0
DA:218,14
DA:219,0
DA:220,0
DA:221,0
DA:222,14
DA:223,14
DA:224,0
DA:225,0
DA:226,14
DA:227,2
DA:228,2
DA:229,2
DA:230,2
DA:231,2
DA:232,2
DA:233,14
DA:234,1
DA:235,1
DA:236,1
DA:237,1
DA:238,1
DA:239,1
DA:240,1
DA:241,1
DA:242,1
DA:243,1
DA:244,1
DA:245,1
DA:246,1
DA:247,1
DA:248,1
DA:249,1
DA:250,1
DA:251,1
DA:252,1
DA:253,1
DA:254,1
DA:255,1
DA:256,1
DA:257,1
DA:258,1
DA:259,1
DA:260,1
DA:261,1
DA:262,1
DA:263,1
DA:264,1
DA:265,1
DA:266,1
DA:267,1
DA:268,1
DA:269,1
DA:270,1
DA:271,1
DA:272,1
DA:273,1
DA:274,1
DA:275,1
DA:276,1
DA:277,1
DA:278,1
DA:279,1
DA:280,1
DA:281,1
DA:282,1
DA:283,1
DA:284,1
DA:285,1
DA:286,1
DA:287,1
DA:288,1
DA:289,1
DA:290,1
DA:291,1
DA:292,1
DA:293,1
DA:294,1
DA:295,1
DA:296,1
DA:297,1
DA:298,1
DA:299,1
DA:300,1
DA:301,1
DA:302,1
DA:303,1
DA:304,1
DA:305,1
DA:306,1
DA:307,1
DA:308,1
DA:309,1
DA:310,1
DA:311,1
DA:312,1
DA:313,1
DA:314,1
DA:315,1
DA:316,1
DA:317,1
DA:318,1
DA:319,1
DA:320,1
DA:321,1
DA:322,1
DA:323,1
DA:324,1
DA:325,1
DA:326,1
DA:327,1
DA:328,1
DA:329,1
DA:330,1
DA:331,1
DA:332,1
DA:333,1
DA:334,1
DA:335,1
DA:336,1
DA:337,1
DA:338,1
DA:339,1
DA:340,1
DA:341,1
DA:342,1
DA:343,1
DA:344,1
DA:345,1
DA:346,1
DA:347,1
DA:348,1
DA:349,1
DA:350,1
DA:351,1
DA:352,1
DA:353,1
DA:354,1
DA:355,1
DA:356,1
DA:357,1
DA:358,1
DA:359,1
DA:360,1
DA:361,1
DA:362,1
DA:363,1
DA:364,1
DA:365,1
DA:366,1
DA:367,1
DA:368,1
DA:369,1
DA:370,1
DA:371,1
DA:372,1
DA:373,1
DA:374,1
DA:375,1
DA:376,1
DA:377,1
DA:378,1
LH:264
LF:378
end_of_record
SF:src/lib/walk.ts
FN:1,__name
FN:8,walk
FNDA:1,__name
FNDA:0,walk
FNF:2
FNH:1
BRDA:1,0,0,1
BRDA:1,1,0,1
BRF:2
BRH:2
DA:1,1
DA:2,1
DA:3,1
DA:4,1
DA:5,1
DA:6,1
DA:7,1
DA:8,1
DA:9,0
DA:10,0
DA:11,0
DA:12,0
DA:13,0
DA:14,0
DA:15,0
DA:16,0
DA:17,0
DA:18,0
DA:19,0
DA:20,0
DA:21,0
DA:22,0
DA:23,0
DA:24,1
DA:25,1
DA:26,1
DA:27,1
DA:28,1
DA:29,1
DA:30,1
DA:31,1
DA:32,1
DA:33,1
DA:34,1
DA:35,1
DA:36,1
DA:37,1
DA:38,1
DA:39,1
LH:24
LF:39
end_of_record
SF:tests/paragraph.test.ts
FN:5,anonymous_0
FN:9,anonymous_1
FN:12,anonymous_2
FN:17,anonymous_3
FN:24,anonymous_4
FN:30,anonymous_5
FN:36,anonymous_6
FN:43,anonymous_7
FN:48,anonymous_8
FN:54,anonymous_9
FN:61,anonymous_10
FN:67,anonymous_11
FN:73,anonymous_12
FN:78,anonymous_13
FN:84,anonymous_14
FN:91,anonymous_15
FNDA:1,anonymous_0
FNDA:1,anonymous_1
FNDA:1,anonymous_2
FNDA:1,anonymous_3
FNDA:1,anonymous_4
FNDA:1,anonymous_5
FNDA:1,anonymous_6
FNDA:1,anonymous_7
FNDA:1,anonymous_8
FNDA:1,anonymous_9
FNDA:1,anonymous_10
FNDA:1,anonymous_11
FNDA:1,anonymous_12
FNDA:1,anonymous_13
FNDA:1,anonymous_14
FNDA:1,anonymous_15
FNF:16
FNH:16
BRDA:1,0,0,1
BRDA:5,1,0,1
BRDA:9,2,0,1
BRDA:12,3,0,1
BRDA:17,4,0,1
BRDA:24,5,0,1
BRDA:30,6,0,1
BRDA:36,7,0,1
BRDA:43,8,0,1
BRDA:48,9,0,1
BRDA:54,10,0,1
BRDA:61,11,0,1
BRDA:67,12,0,1
BRDA:73,13,0,1
BRDA:78,14,0,1
BRDA:84,15,0,1
BRDA:91,16,0,1
BRF:17
BRH:17
DA:1,1
DA:2,1
DA:3,1
DA:4,1
DA:5,1
DA:6,1
DA:7,1
DA:8,1
DA:9,1
DA:10,1
DA:11,1
DA:12,1
DA:13,1
DA:14,1
DA:15,1
DA:16,1
DA:17,1
DA:18,1
DA:19,1
DA:20,1
DA:21,1
DA:22,1
DA:23,1
DA:24,1
DA:25,1
DA:26,1
DA:27,1
DA:28,1
DA:29,1
DA:30,1
DA:31,1
DA:32,1
DA:33,1
DA:34,1
DA:35,1
DA:36,1
DA:37,1
DA:38,1
DA:39,1
DA:40,1
DA:41,1
DA:42,1
DA:43,1
DA:44,1
DA:45,1
DA:46,1
DA:47,1
DA:48,1
DA:49,1
DA:50,1
DA:51,1
DA:52,1
DA:53,1
DA:54,1
DA:55,1
DA:56,1
DA:57,1
DA:58,1
DA:59,1
DA:60,1
DA:61,1
DA:62,1
DA:63,1
DA:64,1
DA:65,1
DA:66,1
DA:67,1
DA:68,1
DA:69,1
DA:70,1
DA:71,1
DA:72,1
DA:73,1
DA:74,1
DA:75,1
DA:76,1
DA:77,1
DA:78,1
DA:79,1
DA:80,1
DA:81,1
DA:82,1
DA:83,1
DA:84,1
DA:85,1
DA:86,1
DA:87,1
DA:88,1
DA:89,1
DA:90,1
DA:91,1
DA:92,1
DA:93,1
DA:94,1
DA:95,1
DA:96,1
DA:97,1
DA:98,1
DA:99,1
DA:100,1
DA:101,1
DA:102,1
DA:103,1
DA:104,1
DA:105,1
DA:106,1
DA:107,1
DA:108,1
DA:109,1
DA:110,1
DA:111,1
DA:112,1
DA:113,1
DA:114,1
DA:115,1
DA:116,1
DA:117,1
DA:118,1
DA:119,1
LH:119
LF:119
end_of_record
