TN:
SF:src/index.ts
FN:2,__name
FN:7,<static_initializer>
FN:7,<instance_members_initializer>
FN:10,Textile
FN:17,_init
FN:27,anonymous_5
FN:29,use
FN:31,parse
FN:33,htmlToJsonML
FNDA:3,__name
FNDA:3,<static_initializer>
FNDA:7,<instance_members_initializer>
FNDA:7,Textile
FNDA:36,_init
FNDA:0,anonymous_5
FNDA:0,use
FNDA:36,parse
FNDA:0,htmlToJsonML
FNF:9
FNH:6
BRDA:1,0,0,3
BRDA:2,1,0,3
BRDA:7,2,0,3
BRDA:7,3,0,7
BRDA:10,4,0,7
BRDA:12,5,0,1
BRDA:17,6,0,36
BRDA:19,7,0,0
BRDA:26,8,0,0
BRDA:31,9,0,36
BRF:10
BRH:8
DA:1,3
DA:2,3
DA:3,3
DA:4,3
DA:5,3
DA:6,3
DA:7,7
DA:8,7
DA:9,7
DA:10,7
DA:11,7
DA:12,7
DA:13,7
DA:14,7
DA:15,7
DA:16,7
DA:17,7
DA:18,36
DA:19,36
DA:20,0
DA:21,36
DA:22,36
DA:23,36
DA:24,36
DA:25,36
DA:26,36
DA:27,0
DA:28,36
DA:29,7
DA:30,0
DA:31,7
DA:32,36
DA:33,7
DA:34,0
DA:35,3
DA:36,3
DA:37,3
DA:38,3
DA:39,3
DA:40,3
DA:41,3
DA:42,3
DA:43,3
DA:44,3
DA:45,3
DA:46,3
DA:47,3
DA:48,3
DA:49,3
DA:50,3
DA:51,3
DA:52,3
DA:53,3
DA:54,3
DA:55,3
DA:56,3
DA:57,3
DA:58,3
DA:59,3
DA:60,3
DA:61,3
DA:62,3
DA:63,3
DA:64,3
DA:65,3
DA:66,3
DA:67,3
DA:68,3
DA:69,3
DA:70,3
DA:71,3
DA:72,3
DA:73,3
DA:74,3
DA:75,3
DA:76,3
DA:77,3
DA:78,3
DA:79,3
DA:80,3
DA:81,3
DA:82,3
DA:83,3
DA:84,3
DA:85,3
DA:86,3
DA:87,3
DA:88,3
DA:89,3
DA:90,3
DA:91,3
DA:92,3
DA:93,3
DA:94,3
DA:95,3
DA:96,3
DA:97,3
DA:98,3
DA:99,3
DA:100,3
DA:101,3
LH:97
LF:101
end_of_record
SF:src/lib/builder.ts
FN:1,__name
FN:5,<instance_members_initializer>
FN:5,<static_initializer>
FN:7,Ribbon
FN:10,index
FN:11,save
FN:15,load
FN:21,advance
FN:26,skipWS
FN:31,lookbehind
FN:35,startsWith
FN:38,slice
FN:41,valueOf
FN:42,toString
FN:42,<instance_members_initializer>
FN:42,<static_initializer>
FN:45,Builder
FN:48,add
FN:59,anonymous_18
FN:62,merge
FN:63,linebreak
FN:66,get
FNDA:6,__name
FNDA:68,<instance_members_initializer>
FNDA:3,<static_initializer>
FNDA:68,Ribbon
FNDA:1,index
FNDA:194,save
FNDA:0,load
FNDA:280,advance
FNDA:0,skipWS
FNDA:155,lookbehind
FNDA:0,startsWith
FNDA:0,slice
FNDA:231,valueOf
FNDA:408,toString
FNDA:67,<instance_members_initializer>
FNDA:3,<static_initializer>
FNDA:67,Builder
FNDA:195,add
FNDA:102,anonymous_18
FNDA:31,merge
FNDA:36,linebreak
FNDA:67,get
FNF:22
FNH:18
BRDA:1,0,0,3
BRDA:1,1,0,6
BRDA:5,2,0,68
BRDA:5,3,0,3
BRDA:7,4,0,68
BRDA:10,5,0,1
BRDA:11,6,0,194
BRDA:21,7,0,280
BRDA:23,8,0,104
BRDA:23,9,0,176
BRDA:31,10,0,155
BRDA:32,11,0,0
BRDA:41,12,0,231
BRDA:42,13,0,408
BRDA:42,14,0,67
BRDA:42,15,0,3
BRDA:45,16,0,67
BRDA:45,17,0,0
BRDA:48,18,0,195
BRDA:48,19,0,158
BRDA:51,20,0,30
BRDA:58,21,0,31
BRDA:51,22,0,93
BRDA:54,23,0,42
BRDA:58,24,0,6
BRDA:60,25,0,4
BRDA:59,26,0,102
BRDA:62,27,0,31
BRDA:63,28,0,36
BRDA:65,29,0,0
BRDA:66,30,0,67
BRF:31
BRH:28
DA:1,3
DA:2,6
DA:3,6
DA:4,3
DA:5,3
DA:6,3
DA:7,3
DA:8,68
DA:9,68
DA:10,3
DA:11,1
DA:12,194
DA:13,194
DA:14,194
DA:15,3
DA:16,0
DA:17,0
DA:18,0
DA:19,0
DA:20,0
DA:21,3
DA:22,280
DA:23,280
DA:24,280
DA:25,280
DA:26,3
DA:27,0
DA:28,0
DA:29,0
DA:30,0
DA:31,155
DA:32,155
DA:33,155
DA:34,155
DA:35,3
DA:36,0
DA:37,0
DA:38,3
DA:39,0
DA:40,0
DA:41,3
DA:42,3
DA:43,3
DA:44,3
DA:45,67
DA:46,0
DA:47,67
DA:48,3
DA:49,158
DA:50,158
DA:51,195
DA:52,93
DA:53,93
DA:54,30
DA:55,42
DA:56,42
DA:57,42
DA:58,42
DA:59,6
DA:60,42
DA:61,195
DA:62,3
DA:63,3
DA:64,36
DA:65,36
DA:66,67
DA:67,3
DA:68,3
DA:69,3
DA:70,3
DA:71,3
DA:72,3
DA:73,3
DA:74,3
DA:75,3
DA:76,3
DA:77,3
DA:78,3
DA:79,3
DA:80,3
DA:81,3
DA:82,3
DA:83,3
DA:84,3
DA:85,3
DA:86,3
DA:87,3
DA:88,3
DA:89,3
DA:90,3
DA:91,3
DA:92,3
DA:93,3
DA:94,3
LH:80
LF:94
end_of_record
SF:src/lib/html-jml.ts
FN:2,__name
FN:11,anonymous_1
FN:22,flattenChildren
FN:24,anonymous_3
FN:29,anonymous_4
FN:40,anonymous_5
FN:54,anonymous_6
FN:67,anonymous_7
FNDA:12,__name
FNDA:0,anonymous_1
FNDA:37,flattenChildren
FNDA:45,anonymous_3
FNDA:80,anonymous_4
FNDA:23,anonymous_5
FNDA:45,anonymous_6
FNDA:36,anonymous_7
FNF:8
FNH:7
BRDA:1,0,0,3
BRDA:2,1,0,12
BRDA:22,2,0,37
BRDA:24,3,0,45
BRDA:25,4,0,5
BRDA:25,5,0,0
BRDA:29,6,0,80
BRDA:30,7,0,31
BRDA:32,8,0,23
BRDA:36,9,0,19
BRDA:38,10,0,18
BRDA:46,11,0,39
BRDA:50,12,0,37
BRDA:32,13,0,16
BRDA:35,14,0,14
BRDA:48,15,0,2
BRDA:30,16,0,10
BRDA:31,17,0,8
BRDA:32,18,0,0
BRDA:40,19,0,23
BRDA:54,20,0,45
BRDA:57,21,0,5
BRDA:67,22,0,36
BRF:23
BRH:21
DA:1,3
DA:2,3
DA:3,3
DA:4,3
DA:5,3
DA:6,3
DA:7,3
DA:8,3
DA:9,3
DA:10,3
DA:11,3
DA:12,0
DA:13,0
DA:14,0
DA:15,0
DA:16,0
DA:17,0
DA:18,0
DA:19,0
DA:20,0
DA:21,0
DA:22,3
DA:23,37
DA:24,37
DA:25,45
DA:26,3
DA:27,3
DA:28,3
DA:29,3
DA:30,80
DA:31,31
DA:32,80
DA:33,16
DA:34,16
DA:35,23
DA:36,80
DA:37,19
DA:38,80
DA:39,18
DA:40,18
DA:41,23
DA:42,23
DA:43,23
DA:44,18
DA:45,18
DA:46,80
DA:47,39
DA:48,80
DA:49,2
DA:50,80
DA:51,37
DA:52,37
DA:53,37
DA:54,45
DA:55,45
DA:56,45
DA:57,45
DA:58,5
DA:59,37
DA:60,37
DA:61,37
DA:62,37
DA:63,37
DA:64,3
DA:65,3
DA:66,3
DA:67,3
DA:68,3
DA:69,3
DA:70,3
DA:71,3
DA:72,3
DA:73,3
DA:74,3
DA:75,3
DA:76,3
DA:77,3
DA:78,3
DA:79,3
DA:80,3
DA:81,3
DA:82,3
DA:83,3
DA:84,3
DA:85,3
DA:86,3
DA:87,3
DA:88,3
DA:89,3
DA:90,3
DA:91,3
DA:92,3
DA:93,3
DA:94,3
DA:95,3
DA:96,3
DA:97,3
DA:98,3
DA:99,3
DA:100,3
DA:101,3
DA:102,3
DA:103,3
DA:104,3
DA:105,3
DA:106,3
DA:107,3
DA:108,3
DA:109,3
DA:110,3
DA:111,3
DA:112,3
DA:113,3
DA:114,3
LH:104
LF:114
end_of_record
SF:src/lib/parsers.ts
FN:1,__name
FN:10,copyAttr
FN:20,parseAttr
FN:33,anonymous_3
FN:92,parseGlyph
FN:131,parseHtmlAttr
FN:142,tokenize
FN:192,parseHtml
FN:217,parseInline
FN:338,listPad
FN:340,parseList
FN:396,fixLinks
FN:400,parseColgroup
FN:417,parseTable
FN:146,anonymous_14
FNDA:37,__name
FNDA:1,copyAttr
FNDA:52,parseAttr
FNDA:6,anonymous_3
FNDA:37,parseGlyph
FNDA:0,parseHtmlAttr
FNDA:1,tokenize
FNDA:1,parseHtml
FNDA:158,parseInline
FNDA:0,listPad
FNDA:0,parseList
FNDA:137,fixLinks
FNDA:0,parseColgroup
FNDA:0,parseTable
FNDA:0,anonymous_14
FNF:15
FNH:9
BRDA:1,0,0,3
BRDA:1,1,0,37
BRDA:10,2,0,1
BRDA:14,3,0,0
BRDA:20,4,0,33
BRDA:30,5,0,52
BRDA:32,6,0,3
BRDA:40,7,0,44
BRDA:41,8,0,3
BRDA:50,9,0,41
BRDA:52,10,0,5
BRDA:55,11,0,3
BRDA:57,12,0,3
BRDA:57,13,0,36
BRDA:57,14,0,36
BRDA:64,15,0,34
BRDA:65,16,0,34
BRDA:66,17,0,7
BRDA:71,18,0,27
BRDA:76,19,0,27
BRDA:88,20,0,13
BRDA:89,21,0,12
BRDA:91,22,0,9
BRDA:91,23,0,18
BRDA:58,24,0,1
BRDA:60,25,0,17
BRDA:60,26,0,1
BRDA:23,27,0,1
BRDA:23,28,0,5
BRDA:29,29,0,0
BRDA:30,30,0,0
BRDA:30,31,0,5
BRDA:57,32,0,0
BRDA:65,33,0,0
BRDA:72,34,0,0
BRDA:76,35,0,0
BRDA:85,36,0,5
BRDA:88,37,0,5
BRDA:89,38,0,5
BRDA:33,39,0,6
BRDA:35,40,0,2
BRDA:92,41,0,37
BRDA:96,42,0,3
BRDA:97,43,0,19
BRDA:142,44,0,1
BRDA:155,45,0,0
BRDA:155,46,0,0
BRDA:160,47,0,0
BRDA:160,48,0,0
BRDA:174,49,0,0
BRDA:176,50,0,0
BRDA:191,51,0,0
BRDA:192,52,0,1
BRDA:196,53,0,0
BRDA:196,54,0,0
BRDA:197,55,0,0
BRDA:216,56,0,0
BRDA:217,57,0,31
BRDA:220,58,0,158
BRDA:234,59,0,124
BRDA:306,60,0,94
BRDA:222,61,0,3
BRDA:224,62,0,2
BRDA:226,63,0,99
BRDA:228,64,0,99
BRDA:255,65,0,109
BRDA:259,66,0,109
BRDA:261,67,0,109
BRDA:288,68,0,109
BRDA:297,69,0,109
BRDA:305,70,0,109
BRDA:307,71,0,109
BRDA:327,72,0,109
BRDA:221,73,0,0
BRDA:227,74,0,0
BRDA:234,75,0,1
BRDA:235,76,0,1
BRDA:256,77,0,0
BRDA:260,78,0,0
BRDA:263,79,0,0
BRDA:289,80,0,0
BRDA:291,81,0,0
BRDA:298,82,0,0
BRDA:307,83,0,0
BRDA:333,84,0,0
BRDA:334,85,0,0
BRDA:396,86,0,75
BRDA:399,87,0,137
BRDA:399,88,0,39
BRDA:397,89,0,0
BRF:90
BRH:60
DA:1,3
DA:2,3
DA:3,3
DA:4,3
DA:5,3
DA:6,3
DA:7,3
DA:8,3
DA:9,3
DA:10,3
DA:11,1
DA:12,1
DA:13,1
DA:14,1
DA:15,0
DA:16,0
DA:17,0
DA:18,0
DA:19,0
DA:20,3
DA:21,33
DA:22,33
DA:23,33
DA:24,5
DA:25,5
DA:26,5
DA:27,5
DA:28,5
DA:29,33
DA:30,33
DA:31,52
DA:32,52
DA:33,3
DA:34,6
DA:35,3
DA:36,3
DA:37,3
DA:38,3
DA:39,3
DA:40,52
DA:41,52
DA:42,3
DA:43,3
DA:44,3
DA:45,3
DA:46,3
DA:47,3
DA:48,3
DA:49,3
DA:50,52
DA:51,41
DA:52,52
DA:53,5
DA:54,5
DA:55,5
DA:56,5
DA:57,52
DA:58,36
DA:59,1
DA:60,36
DA:61,1
DA:62,1
DA:63,1
DA:64,52
DA:65,52
DA:66,34
DA:67,7
DA:68,7
DA:69,7
DA:70,7
DA:71,52
DA:72,52
DA:73,0
DA:74,0
DA:75,0
DA:76,52
DA:77,0
DA:78,0
DA:79,0
DA:80,0
DA:81,0
DA:82,0
DA:83,0
DA:84,0
DA:85,33
DA:86,5
DA:87,5
DA:88,33
DA:89,33
DA:90,5
DA:91,33
DA:92,3
DA:93,37
DA:94,37
DA:95,37
DA:96,37
DA:97,37
DA:98,19
DA:99,19
DA:100,19
DA:101,19
DA:102,19
DA:103,19
DA:104,19
DA:105,19
DA:106,19
DA:107,19
DA:108,19
DA:109,19
DA:110,19
DA:111,19
DA:112,19
DA:113,19
DA:114,19
DA:115,19
DA:116,19
DA:117,19
DA:118,19
DA:119,19
DA:120,19
DA:121,19
DA:122,19
DA:123,19
DA:124,19
DA:125,19
DA:126,19
DA:127,19
DA:128,19
DA:129,19
DA:130,3
DA:131,3
DA:132,0
DA:133,0
DA:134,0
DA:135,0
DA:136,0
DA:137,0
DA:138,0
DA:139,0
DA:140,0
DA:141,3
DA:142,3
DA:143,1
DA:144,1
DA:145,1
DA:146,1
DA:147,0
DA:148,0
DA:149,0
DA:150,1
DA:151,1
DA:152,1
DA:153,1
DA:154,1
DA:155,1
DA:156,0
DA:157,0
DA:158,1
DA:159,1
DA:160,1
DA:161,0
DA:162,0
DA:163,0
DA:164,0
DA:165,0
DA:166,0
DA:167,0
DA:168,0
DA:169,0
DA:170,0
DA:171,0
DA:172,0
DA:173,1
DA:174,0
DA:175,0
DA:176,1
DA:177,0
DA:178,0
DA:179,0
DA:180,0
DA:181,0
DA:182,0
DA:183,0
DA:184,0
DA:185,0
DA:186,0
DA:187,0
DA:188,0
DA:189,0
DA:190,1
DA:191,1
DA:192,3
DA:193,1
DA:194,1
DA:195,1
DA:196,1
DA:197,1
DA:198,0
DA:199,0
DA:200,0
DA:201,0
DA:202,0
DA:203,0
DA:204,0
DA:205,0
DA:206,0
DA:207,0
DA:208,0
DA:209,0
DA:210,0
DA:211,0
DA:212,0
DA:213,0
DA:214,1
DA:215,1
DA:216,3
DA:217,3
DA:218,31
DA:219,31
DA:220,158
DA:221,158
DA:222,158
DA:223,3
DA:224,3
DA:225,3
DA:226,158
DA:227,158
DA:228,158
DA:229,99
DA:230,99
DA:231,99
DA:232,99
DA:233,99
DA:234,158
DA:235,158
DA:236,1
DA:237,1
DA:238,1
DA:239,1
DA:240,1
DA:241,1
DA:242,1
DA:243,1
DA:244,1
DA:245,1
DA:246,1
DA:247,1
DA:248,1
DA:249,1
DA:250,1
DA:251,1
DA:252,1
DA:253,1
DA:254,1
DA:255,158
DA:256,158
DA:257,0
DA:258,0
DA:259,158
DA:260,158
DA:261,158
DA:262,109
DA:263,158
DA:264,0
DA:265,0
DA:266,0
DA:267,0
DA:268,0
DA:269,0
DA:270,0
DA:271,0
DA:272,0
DA:273,0
DA:274,0
DA:275,0
DA:276,0
DA:277,0
DA:278,0
DA:279,0
DA:280,0
DA:281,0
DA:282,0
DA:283,0
DA:284,0
DA:285,0
DA:286,0
DA:287,0
DA:288,158
DA:289,109
DA:290,0
DA:291,158
DA:292,0
DA:293,0
DA:294,0
DA:295,0
DA:296,0
DA:297,158
DA:298,158
DA:299,0
DA:300,0
DA:301,0
DA:302,0
DA:303,0
DA:304,0
DA:305,158
DA:306,158
DA:307,158
DA:308,0
DA:309,0
DA:310,0
DA:311,0
DA:312,0
DA:313,0
DA:314,0
DA:315,0
DA:316,0
DA:317,0
DA:318,0
DA:319,0
DA:320,0
DA:321,0
DA:322,0
DA:323,0
DA:324,0
DA:325,0
DA:326,0
DA:327,158
DA:328,109
DA:329,109
DA:330,109
DA:331,109
DA:332,109
DA:333,109
DA:334,158
DA:335,31
DA:336,31
DA:337,3
DA:338,3
DA:339,3
DA:340,0
DA:341,0
DA:342,0
DA:343,0
DA:344,0
DA:345,0
DA:346,0
DA:347,0
DA:348,0
DA:349,0
DA:350,0
DA:351,0
DA:352,0
DA:353,0
DA:354,0
DA:355,0
DA:356,0
DA:357,0
DA:358,0
DA:359,0
DA:360,0
DA:361,0
DA:362,0
DA:363,0
DA:364,0
DA:365,0
DA:366,0
DA:367,0
DA:368,0
DA:369,0
DA:370,0
DA:371,0
DA:372,0
DA:373,0
DA:374,0
DA:375,0
DA:376,0
DA:377,0
DA:378,0
DA:379,0
DA:380,0
DA:381,0
DA:382,0
DA:383,0
DA:384,0
DA:385,0
DA:386,0
DA:387,0
DA:388,0
DA:389,0
DA:390,0
DA:391,0
DA:392,0
DA:393,0
DA:394,0
DA:395,3
DA:396,3
DA:397,75
DA:398,0
DA:399,75
DA:400,3
DA:401,0
DA:402,0
DA:403,0
DA:404,0
DA:405,0
DA:406,0
DA:407,0
DA:408,0
DA:409,0
DA:410,0
DA:411,0
DA:412,0
DA:413,0
DA:414,0
DA:415,0
DA:416,3
DA:417,3
DA:418,0
DA:419,0
DA:420,0
DA:421,0
DA:422,0
DA:423,0
DA:424,0
DA:425,0
DA:426,0
DA:427,0
DA:428,0
DA:429,0
DA:430,0
DA:431,0
DA:432,0
DA:433,0
DA:434,0
DA:435,0
DA:436,0
DA:437,0
DA:438,0
DA:439,0
DA:440,0
DA:441,0
DA:442,0
DA:443,0
DA:444,0
DA:445,0
DA:446,0
DA:447,0
DA:448,0
DA:449,0
DA:450,0
DA:451,0
DA:452,0
DA:453,0
DA:454,0
DA:455,0
DA:456,0
DA:457,0
DA:458,0
DA:459,0
DA:460,0
DA:461,0
DA:462,0
DA:463,0
DA:464,0
DA:465,0
DA:466,0
DA:467,0
DA:468,0
DA:469,0
DA:470,0
DA:471,0
DA:472,0
DA:473,0
DA:474,0
DA:475,0
DA:476,0
DA:477,0
DA:478,0
DA:479,3
DA:480,3
DA:481,3
DA:482,3
DA:483,3
DA:484,3
DA:485,3
DA:486,3
DA:487,3
DA:488,3
DA:489,3
DA:490,3
DA:491,3
DA:492,3
DA:493,3
DA:494,3
DA:495,3
DA:496,3
DA:497,3
DA:498,3
DA:499,3
DA:500,3
DA:501,3
DA:502,3
DA:503,3
DA:504,3
DA:505,3
DA:506,3
DA:507,3
DA:508,3
DA:509,3
DA:510,3
DA:511,3
DA:512,3
DA:513,3
DA:514,3
DA:515,3
DA:516,3
DA:517,3
DA:518,3
DA:519,3
DA:520,3
DA:521,3
DA:522,3
DA:523,3
DA:524,3
DA:525,3
DA:526,3
DA:527,3
DA:528,3
DA:529,3
DA:530,3
DA:531,3
DA:532,3
DA:533,3
DA:534,3
DA:535,3
DA:536,3
DA:537,3
DA:538,3
DA:539,3
DA:540,3
DA:541,3
DA:542,3
DA:543,3
DA:544,3
DA:545,3
DA:546,3
DA:547,3
DA:548,3
DA:549,3
DA:550,3
DA:551,3
DA:552,3
DA:553,3
DA:554,3
DA:555,3
DA:556,3
DA:557,3
DA:558,3
DA:559,3
DA:560,3
DA:561,3
DA:562,3
DA:563,3
DA:564,3
DA:565,3
DA:566,3
DA:567,3
DA:568,3
DA:569,3
DA:570,3
DA:571,3
DA:572,3
DA:573,3
DA:574,3
DA:575,3
DA:576,3
DA:577,3
DA:578,3
DA:579,3
DA:580,3
DA:581,3
DA:582,3
DA:583,3
DA:584,3
DA:585,3
DA:586,3
DA:587,3
DA:588,3
DA:589,3
DA:590,3
DA:591,3
DA:592,3
DA:593,3
DA:594,3
DA:595,3
DA:596,3
DA:597,3
DA:598,3
DA:599,3
DA:600,3
DA:601,3
DA:602,3
DA:603,3
DA:604,3
DA:605,3
DA:606,3
DA:607,3
DA:608,3
DA:609,3
DA:610,3
DA:611,3
DA:612,3
DA:613,3
DA:614,3
DA:615,3
DA:616,3
DA:617,3
DA:618,3
DA:619,3
DA:620,3
DA:621,3
DA:622,3
DA:623,3
DA:624,3
DA:625,3
DA:626,3
DA:627,3
DA:628,3
DA:629,3
DA:630,3
DA:631,3
DA:632,3
DA:633,3
DA:634,3
DA:635,3
DA:636,3
DA:637,3
DA:638,3
DA:639,3
DA:640,3
DA:641,3
DA:642,3
DA:643,3
DA:644,3
DA:645,3
DA:646,3
DA:647,3
DA:648,3
DA:649,3
DA:650,3
DA:651,3
DA:652,3
DA:653,3
DA:654,3
DA:655,3
DA:656,3
DA:657,3
DA:658,3
DA:659,3
DA:660,3
DA:661,3
DA:662,3
DA:663,3
DA:664,3
DA:665,3
DA:666,3
DA:667,3
DA:668,3
DA:669,3
DA:670,3
DA:671,3
DA:672,3
DA:673,3
DA:674,3
DA:675,3
DA:676,3
DA:677,3
DA:678,3
DA:679,3
DA:680,3
DA:681,3
DA:682,3
DA:683,3
DA:684,3
DA:685,3
DA:686,3
DA:687,3
DA:688,3
DA:689,3
DA:690,3
DA:691,3
DA:692,3
DA:693,3
DA:694,3
DA:695,3
DA:696,3
DA:697,3
DA:698,3
DA:699,3
DA:700,3
DA:701,3
DA:702,3
DA:703,3
DA:704,3
DA:705,3
DA:706,3
DA:707,3
DA:708,3
DA:709,3
DA:710,3
DA:711,3
DA:712,3
DA:713,3
DA:714,3
DA:715,3
DA:716,3
DA:717,3
DA:718,3
DA:719,3
DA:720,3
DA:721,3
DA:722,3
DA:723,3
DA:724,3
DA:725,3
DA:726,3
DA:727,3
DA:728,3
DA:729,3
DA:730,3
DA:731,3
DA:732,3
DA:733,3
DA:734,3
DA:735,3
DA:736,3
DA:737,3
DA:738,3
DA:739,3
DA:740,3
DA:741,3
DA:742,3
DA:743,3
DA:744,3
DA:745,3
DA:746,3
DA:747,3
DA:748,3
DA:749,3
DA:750,3
DA:751,3
DA:752,3
DA:753,3
DA:754,3
DA:755,3
DA:756,3
DA:757,3
DA:758,3
DA:759,3
DA:760,3
DA:761,3
DA:762,3
DA:763,3
DA:764,3
DA:765,3
DA:766,3
DA:767,3
DA:768,3
DA:769,3
DA:770,3
DA:771,3
DA:772,3
DA:773,3
DA:774,3
DA:775,3
DA:776,3
DA:777,3
DA:778,3
DA:779,3
DA:780,3
DA:781,3
DA:782,3
DA:783,3
DA:784,3
DA:785,3
DA:786,3
DA:787,3
DA:788,3
DA:789,3
DA:790,3
DA:791,3
DA:792,3
DA:793,3
DA:794,3
DA:795,3
DA:796,3
DA:797,3
DA:798,3
DA:799,3
DA:800,3
DA:801,3
DA:802,3
DA:803,3
DA:804,3
DA:805,3
DA:806,3
DA:807,3
DA:808,3
DA:809,3
DA:810,3
DA:811,3
DA:812,3
DA:813,3
DA:814,3
DA:815,3
DA:816,3
DA:817,3
DA:818,3
DA:819,3
DA:820,3
DA:821,3
DA:822,3
DA:823,3
DA:824,3
DA:825,3
DA:826,3
DA:827,3
DA:828,3
DA:829,3
DA:830,3
DA:831,3
DA:832,3
DA:833,3
DA:834,3
DA:835,3
DA:836,3
DA:837,3
DA:838,3
DA:839,3
DA:840,3
DA:841,3
DA:842,3
DA:843,3
DA:844,3
DA:845,3
DA:846,3
DA:847,3
DA:848,3
DA:849,3
DA:850,3
DA:851,3
DA:852,3
DA:853,3
DA:854,3
DA:855,3
DA:856,3
DA:857,3
DA:858,3
DA:859,3
DA:860,3
DA:861,3
DA:862,3
DA:863,3
DA:864,3
DA:865,3
DA:866,3
DA:867,3
DA:868,3
DA:869,3
DA:870,3
DA:871,3
DA:872,3
DA:873,3
DA:874,3
DA:875,3
DA:876,3
DA:877,3
DA:878,3
DA:879,3
DA:880,3
DA:881,3
DA:882,3
DA:883,3
DA:884,3
DA:885,3
DA:886,3
DA:887,3
DA:888,3
DA:889,3
DA:890,3
DA:891,3
DA:892,3
DA:893,3
DA:894,3
DA:895,3
DA:896,3
DA:897,3
DA:898,3
DA:899,3
DA:900,3
DA:901,3
DA:902,3
DA:903,3
DA:904,3
DA:905,3
DA:906,3
DA:907,3
DA:908,3
DA:909,3
DA:910,3
DA:911,3
DA:912,3
DA:913,3
DA:914,3
DA:915,3
DA:916,3
DA:917,3
DA:918,3
DA:919,3
DA:920,3
DA:921,3
DA:922,3
DA:923,3
DA:924,3
DA:925,3
DA:926,3
DA:927,3
DA:928,3
DA:929,3
DA:930,3
DA:931,3
DA:932,3
DA:933,3
DA:934,3
DA:935,3
DA:936,3
DA:937,3
DA:938,3
DA:939,3
DA:940,3
DA:941,3
DA:942,3
DA:943,3
DA:944,3
DA:945,3
DA:946,3
DA:947,3
DA:948,3
DA:949,3
DA:950,3
DA:951,3
DA:952,3
DA:953,3
DA:954,3
DA:955,3
DA:956,3
DA:957,3
DA:958,3
DA:959,3
DA:960,3
DA:961,3
DA:962,3
DA:963,3
DA:964,3
DA:965,3
DA:966,3
DA:967,3
DA:968,3
DA:969,3
DA:970,3
DA:971,3
DA:972,3
DA:973,3
DA:974,3
DA:975,3
DA:976,3
DA:977,3
DA:978,3
DA:979,3
DA:980,3
DA:981,3
DA:982,3
DA:983,3
DA:984,3
DA:985,3
DA:986,3
DA:987,3
DA:988,3
DA:989,3
DA:990,3
DA:991,3
DA:992,3
DA:993,3
DA:994,3
DA:995,3
DA:996,3
DA:997,3
DA:998,3
DA:999,3
DA:1000,3
DA:1001,3
DA:1002,3
DA:1003,3
DA:1004,3
DA:1005,3
DA:1006,3
DA:1007,3
DA:1008,3
DA:1009,3
DA:1010,3
DA:1011,3
DA:1012,3
DA:1013,3
DA:1014,3
DA:1015,3
DA:1016,3
DA:1017,3
DA:1018,3
DA:1019,3
DA:1020,3
DA:1021,3
DA:1022,3
DA:1023,3
DA:1024,3
DA:1025,3
DA:1026,3
DA:1027,3
DA:1028,3
DA:1029,3
DA:1030,3
DA:1031,3
DA:1032,3
DA:1033,3
DA:1034,3
DA:1035,3
DA:1036,3
DA:1037,3
DA:1038,3
DA:1039,3
DA:1040,3
DA:1041,3
DA:1042,3
DA:1043,3
DA:1044,3
DA:1045,3
DA:1046,3
DA:1047,3
DA:1048,3
DA:1049,3
DA:1050,3
DA:1051,3
DA:1052,3
DA:1053,3
LH:791
LF:1053
end_of_record
SF:src/lib/shares/constants.ts
FNF:0
FNH:0
BRDA:1,0,0,3
BRF:1
BRH:1
DA:1,3
DA:2,3
DA:3,3
DA:4,3
DA:5,3
DA:6,3
DA:7,3
DA:8,3
DA:9,3
DA:10,3
DA:11,3
DA:12,3
DA:13,3
DA:14,3
DA:15,3
DA:16,3
DA:17,3
DA:18,3
DA:19,3
DA:20,3
DA:21,3
DA:22,3
DA:23,3
DA:24,3
DA:25,3
DA:26,3
DA:27,3
DA:28,3
DA:29,3
DA:30,3
DA:31,3
DA:32,3
DA:33,3
DA:34,3
DA:35,3
DA:36,3
DA:37,3
DA:38,3
DA:39,3
DA:40,3
DA:41,3
DA:42,3
DA:43,3
DA:44,3
DA:45,3
DA:46,3
DA:47,3
DA:48,3
DA:49,3
DA:50,3
DA:51,3
DA:52,3
DA:53,3
DA:54,3
DA:55,3
DA:56,3
DA:57,3
DA:58,3
DA:59,3
DA:60,3
DA:61,3
DA:62,3
DA:63,3
DA:64,3
LH:64
LF:64
end_of_record
SF:src/lib/shares/elements.ts
FNF:0
FNH:0
BRDA:1,0,0,3
BRF:1
BRH:1
DA:1,3
DA:2,3
DA:3,3
DA:4,3
DA:5,3
DA:6,3
DA:7,3
DA:8,3
DA:9,3
DA:10,3
DA:11,3
DA:12,3
DA:13,3
DA:14,3
DA:15,3
DA:16,3
DA:17,3
DA:18,3
DA:19,3
DA:20,3
DA:21,3
DA:22,3
DA:23,3
DA:24,3
DA:25,3
DA:26,3
DA:27,3
DA:28,3
DA:29,3
DA:30,3
DA:31,3
DA:32,3
DA:33,3
DA:34,3
DA:35,3
DA:36,3
DA:37,3
DA:38,3
DA:39,3
DA:40,3
DA:41,3
DA:42,3
DA:43,3
DA:44,3
DA:45,3
DA:46,3
DA:47,3
DA:48,3
DA:49,3
DA:50,3
DA:51,3
DA:52,3
DA:53,3
DA:54,3
DA:55,3
DA:56,3
DA:57,3
DA:58,3
DA:59,3
DA:60,3
DA:61,3
DA:62,3
DA:63,3
DA:64,3
DA:65,3
DA:66,3
DA:67,3
DA:68,3
DA:69,3
DA:70,3
DA:71,3
DA:72,3
DA:73,3
DA:74,3
DA:75,3
DA:76,3
DA:77,3
DA:78,3
DA:79,3
DA:80,3
DA:81,3
DA:82,3
DA:83,3
DA:84,3
DA:85,3
DA:86,3
DA:87,3
DA:88,3
DA:89,3
DA:90,3
DA:91,3
DA:92,3
DA:93,3
DA:94,3
DA:95,3
DA:96,3
DA:97,3
DA:98,3
DA:99,3
DA:100,3
DA:101,3
DA:102,3
DA:103,3
DA:104,3
DA:105,3
DA:106,3
DA:107,3
DA:108,3
DA:109,3
DA:110,3
DA:111,3
DA:112,3
DA:113,3
DA:114,3
DA:115,3
DA:116,3
DA:117,3
LH:117
LF:117
end_of_record
SF:src/lib/shares/helpers.ts
FN:2,__name
FN:5,anonymous_1
FN:7,anonymous_2
FN:10,anonymous_3
FN:14,anonymous_4
FN:19,merge
FN:22,reIndent
FN:30,escapeHTML
FNDA:21,__name
FNDA:0,anonymous_1
FNDA:0,anonymous_2
FNDA:0,anonymous_3
FNDA:0,anonymous_4
FNDA:0,merge
FNDA:0,reIndent
FNDA:41,escapeHTML
FNF:8
FNH:2
BRDA:1,0,0,3
BRDA:2,1,0,21
BRDA:30,2,0,41
BRDA:35,3,0,0
BRDA:37,4,0,0
BRF:5
BRH:3
DA:1,3
DA:2,3
DA:3,21
DA:4,3
DA:5,3
DA:6,3
DA:7,3
DA:8,0
DA:9,3
DA:10,3
DA:11,0
DA:12,3
DA:13,3
DA:14,3
DA:15,0
DA:16,0
DA:17,0
DA:18,0
DA:19,3
DA:20,0
DA:21,3
DA:22,3
DA:23,0
DA:24,0
DA:25,0
DA:26,0
DA:27,0
DA:28,0
DA:29,0
DA:30,3
DA:31,41
DA:32,41
DA:33,41
DA:34,41
DA:35,41
DA:36,41
DA:37,3
DA:38,3
DA:39,3
DA:40,3
DA:41,3
DA:42,3
DA:43,3
DA:44,3
DA:45,3
DA:46,3
DA:47,3
DA:48,3
DA:49,3
DA:50,3
DA:51,3
DA:52,3
DA:53,3
DA:54,3
DA:55,3
DA:56,3
DA:57,3
DA:58,3
DA:59,3
DA:60,3
DA:61,3
DA:62,3
DA:63,3
DA:64,3
DA:65,3
DA:66,3
DA:67,3
DA:68,3
DA:69,3
DA:70,3
DA:71,3
DA:72,3
DA:73,3
DA:74,3
DA:75,3
DA:76,3
DA:77,3
DA:78,3
DA:79,3
DA:80,3
DA:81,3
DA:82,3
DA:83,3
DA:84,3
DA:85,3
DA:86,3
DA:87,3
DA:88,3
DA:89,3
DA:90,3
DA:91,3
DA:92,3
DA:93,3
DA:94,3
DA:95,3
DA:96,3
DA:97,3
DA:98,3
LH:84
LF:98
end_of_record
SF:src/lib/shares/re.ts
FN:1,__name
FN:41,escape_sc
FN:46,collapse
FN:52,expandPatterns
FN:52,anonymous_4
FN:59,isRegExp
FN:62,compile
FNDA:15,__name
FNDA:2,escape_sc
FNDA:0,collapse
FNDA:154,expandPatterns
FNDA:84,anonymous_4
FNDA:70,isRegExp
FNDA:70,compile
FNF:7
FNH:6
BRDA:1,0,0,3
BRDA:1,1,0,15
BRDA:41,2,0,2
BRDA:52,3,0,154
BRDA:52,4,0,84
BRDA:55,5,0,0
BRDA:59,6,0,70
BRDA:62,7,0,70
BRDA:65,8,0,42
BRDA:65,9,0,12
BRDA:65,10,0,30
BRDA:67,11,0,31
BRDA:69,12,0,39
BRDA:71,13,0,39
BRDA:72,14,0,27
BRDA:76,15,0,31
BRDA:63,16,0,23
BRDA:65,17,0,23
BRDA:66,18,0,0
BRDA:66,19,0,0
BRDA:68,20,0,0
BRDA:70,21,0,0
BRF:22
BRH:17
DA:1,3
DA:2,15
DA:3,15
DA:4,15
DA:5,3
DA:6,3
DA:7,3
DA:8,3
DA:9,3
DA:10,3
DA:11,3
DA:12,3
DA:13,3
DA:14,3
DA:15,3
DA:16,3
DA:17,3
DA:18,3
DA:19,3
DA:20,3
DA:21,3
DA:22,3
DA:23,3
DA:24,3
DA:25,3
DA:26,3
DA:27,3
DA:28,3
DA:29,3
DA:30,3
DA:31,3
DA:32,3
DA:33,3
DA:34,3
DA:35,3
DA:36,3
DA:37,3
DA:38,3
DA:39,3
DA:40,3
DA:41,3
DA:42,2
DA:43,2
DA:44,2
DA:45,3
DA:46,3
DA:47,0
DA:48,0
DA:49,3
DA:50,3
DA:51,3
DA:52,3
DA:53,84
DA:54,84
DA:55,84
DA:56,0
DA:57,3
DA:58,3
DA:59,3
DA:60,3
DA:61,3
DA:62,3
DA:63,70
DA:64,23
DA:65,70
DA:66,23
DA:67,70
DA:68,70
DA:69,70
DA:70,70
DA:71,70
DA:72,70
DA:73,70
DA:74,70
DA:75,70
DA:76,70
DA:77,3
DA:78,3
DA:79,3
DA:80,3
DA:81,3
DA:82,3
DA:83,3
DA:84,3
DA:85,3
DA:86,3
DA:87,3
DA:88,3
DA:89,3
DA:90,3
DA:91,3
DA:92,3
DA:93,3
DA:94,3
DA:95,3
DA:96,3
DA:97,3
DA:98,3
DA:99,3
DA:100,3
DA:101,3
DA:102,3
DA:103,3
DA:104,3
DA:105,3
DA:106,3
DA:107,3
DA:108,3
DA:109,3
DA:110,3
DA:111,3
DA:112,3
DA:113,3
DA:114,3
DA:115,3
DA:116,3
DA:117,3
DA:118,3
DA:119,3
DA:120,3
DA:121,3
DA:122,3
DA:123,3
DA:124,3
DA:125,3
DA:126,3
DA:127,3
DA:128,3
DA:129,3
DA:130,3
DA:131,3
DA:132,3
DA:133,3
DA:134,3
DA:135,3
DA:136,3
DA:137,3
DA:138,3
DA:139,3
DA:140,3
DA:141,3
DA:142,3
DA:143,3
DA:144,3
DA:145,3
DA:146,3
DA:147,3
DA:148,3
DA:149,3
DA:150,3
DA:151,3
DA:152,3
DA:153,3
DA:154,3
DA:155,3
DA:156,3
DA:157,3
DA:158,3
DA:159,3
DA:160,3
DA:161,3
DA:162,3
DA:163,3
DA:164,3
DA:165,3
DA:166,3
DA:167,3
DA:168,3
DA:169,3
DA:170,3
DA:171,3
DA:172,3
DA:173,3
DA:174,3
DA:175,3
DA:176,3
DA:177,3
DA:178,3
DA:179,3
DA:180,3
DA:181,3
DA:182,3
DA:183,3
DA:184,3
DA:185,3
DA:186,3
DA:187,3
DA:188,3
DA:189,3
DA:190,3
DA:191,3
DA:192,3
DA:193,3
DA:194,3
DA:195,3
DA:196,3
DA:197,3
DA:198,3
DA:199,3
DA:200,3
DA:201,3
DA:202,3
DA:203,3
DA:204,3
DA:205,3
DA:206,3
DA:207,3
DA:208,3
DA:209,3
DA:210,3
DA:211,3
DA:212,3
DA:213,3
DA:214,3
DA:215,3
DA:216,3
LH:213
LF:216
end_of_record
SF:src/lib/shares/retest.ts
FN:2,testBlock
FN:6,testComment
FN:7,testOpenTagBlock
FN:8,testOpenTag
FN:12,testCloseTag
FN:14,testDefList
FN:15,testList
FN:18,testTable
FNDA:32,testBlock
FNDA:158,testComment
FNDA:3,testOpenTagBlock
FNDA:155,testOpenTag
FNDA:1,testCloseTag
FNDA:3,testDefList
FNDA:3,testList
FNDA:3,testTable
FNF:8
FNH:8
BRDA:1,0,0,3
BRDA:2,1,0,32
BRDA:6,2,0,158
BRDA:7,3,0,3
BRDA:8,4,0,155
BRDA:12,5,0,1
BRDA:14,6,0,3
BRDA:15,7,0,3
BRDA:18,8,0,3
BRF:9
BRH:9
DA:1,3
DA:2,3
DA:3,32
DA:4,32
DA:5,32
DA:6,3
DA:7,3
DA:8,155
DA:9,155
DA:10,155
DA:11,155
DA:12,3
DA:13,1
DA:14,3
DA:15,3
DA:16,3
DA:17,3
DA:18,3
DA:19,3
DA:20,3
DA:21,3
DA:22,3
DA:23,3
DA:24,3
DA:25,3
DA:26,3
DA:27,3
DA:28,3
DA:29,3
DA:30,3
DA:31,3
DA:32,3
DA:33,3
DA:34,3
LH:34
LF:34
end_of_record
SF:src/lib/textile-jml.ts
FN:1,__name
FN:29,parseDefList
FN:53,extend
FN:62,paragraph
FN:68,anonymous_4
FN:82,textile2jml
FNDA:12,__name
FNDA:0,parseDefList
FNDA:0,extend
FNDA:31,paragraph
FNDA:31,anonymous_4
FNDA:36,textile2jml
FNF:6
FNH:4
BRDA:1,0,0,3
BRDA:1,1,0,12
BRDA:62,2,0,31
BRDA:66,3,0,0
BRDA:68,4,0,31
BRDA:79,5,0,18
BRDA:79,6,0,11
BRDA:69,7,0,0
BRDA:74,8,0,0
BRDA:82,9,0,36
BRDA:105,10,0,18
BRDA:103,11,0,18
BRDA:155,12,0,3
BRDA:159,13,0,3
BRDA:208,14,0,3
BRDA:212,15,0,3
BRDA:218,16,0,3
BRDA:222,17,0,3
BRDA:226,18,0,3
BRDA:84,19,0,0
BRDA:97,20,0,0
BRDA:113,21,0,1
BRDA:113,22,0,5
BRDA:116,23,0,5
BRDA:119,24,0,3
BRDA:119,25,0,1
BRDA:119,26,0,2
BRDA:121,27,0,1
BRDA:130,28,0,5
BRDA:130,29,0,1
BRDA:133,30,0,4
BRDA:135,31,0,1
BRDA:137,32,0,3
BRDA:138,33,0,1
BRDA:138,34,0,2
BRDA:143,35,0,0
BRDA:154,36,0,0
BRDA:156,37,0,0
BRDA:161,38,0,0
BRDA:209,39,0,0
BRDA:213,40,0,0
BRDA:218,41,0,0
BRDA:223,42,0,0
BRDA:234,43,0,0
BRF:44
BRH:30
DA:1,3
DA:2,12
DA:3,12
DA:4,12
DA:5,12
DA:6,12
DA:7,3
DA:8,3
DA:9,3
DA:10,3
DA:11,3
DA:12,3
DA:13,3
DA:14,3
DA:15,3
DA:16,3
DA:17,3
DA:18,3
DA:19,3
DA:20,3
DA:21,3
DA:22,3
DA:23,3
DA:24,3
DA:25,3
DA:26,3
DA:27,3
DA:28,3
DA:29,3
DA:30,0
DA:31,0
DA:32,0
DA:33,0
DA:34,0
DA:35,0
DA:36,0
DA:37,0
DA:38,0
DA:39,0
DA:40,0
DA:41,0
DA:42,0
DA:43,0
DA:44,0
DA:45,0
DA:46,0
DA:47,0
DA:48,0
DA:49,0
DA:50,0
DA:51,0
DA:52,3
DA:53,3
DA:54,0
DA:55,0
DA:56,0
DA:57,0
DA:58,0
DA:59,3
DA:60,3
DA:61,3
DA:62,3
DA:63,31
DA:64,31
DA:65,31
DA:66,31
DA:67,31
DA:68,31
DA:69,31
DA:70,0
DA:71,0
DA:72,0
DA:73,31
DA:74,31
DA:75,0
DA:76,31
DA:77,31
DA:78,31
DA:79,31
DA:80,3
DA:81,3
DA:82,3
DA:83,36
DA:84,36
DA:85,36
DA:86,36
DA:87,36
DA:88,36
DA:89,36
DA:90,36
DA:91,36
DA:92,36
DA:93,36
DA:94,36
DA:95,36
DA:96,36
DA:97,36
DA:98,0
DA:99,0
DA:100,0
DA:101,0
DA:102,36
DA:103,36
DA:104,18
DA:105,18
DA:106,18
DA:107,18
DA:108,18
DA:109,18
DA:110,18
DA:111,18
DA:112,18
DA:113,18
DA:114,18
DA:115,18
DA:116,5
DA:117,5
DA:118,5
DA:119,18
DA:120,18
DA:121,18
DA:122,1
DA:123,1
DA:124,1
DA:125,1
DA:126,1
DA:127,1
DA:128,1
DA:129,1
DA:130,18
DA:131,1
DA:132,1
DA:133,5
DA:134,4
DA:135,4
DA:136,1
DA:137,4
DA:138,3
DA:139,2
DA:140,2
DA:141,2
DA:142,2
DA:143,2
DA:144,0
DA:145,0
DA:146,0
DA:147,0
DA:148,0
DA:149,0
DA:150,0
DA:151,2
DA:152,2
DA:153,2
DA:154,18
DA:155,36
DA:156,36
DA:157,0
DA:158,0
DA:159,36
DA:160,3
DA:161,0
DA:162,0
DA:163,0
DA:164,0
DA:165,0
DA:166,0
DA:167,0
DA:168,0
DA:169,0
DA:170,0
DA:171,0
DA:172,0
DA:173,0
DA:174,0
DA:175,0
DA:176,0
DA:177,0
DA:178,0
DA:179,0
DA:180,0
DA:181,0
DA:182,0
DA:183,0
DA:184,0
DA:185,0
DA:186,0
DA:187,0
DA:188,0
DA:189,0
DA:190,0
DA:191,0
DA:192,0
DA:193,0
DA:194,0
DA:195,0
DA:196,0
DA:197,0
DA:198,0
DA:199,0
DA:200,0
DA:201,0
DA:202,0
DA:203,0
DA:204,0
DA:205,0
DA:206,0
DA:207,0
DA:208,36
DA:209,36
DA:210,0
DA:211,0
DA:212,36
DA:213,36
DA:214,0
DA:215,0
DA:216,0
DA:217,0
DA:218,36
DA:219,0
DA:220,0
DA:221,0
DA:222,36
DA:223,36
DA:224,0
DA:225,0
DA:226,36
DA:227,3
DA:228,3
DA:229,3
DA:230,3
DA:231,3
DA:232,3
DA:233,36
DA:234,3
DA:235,3
DA:236,3
DA:237,3
DA:238,3
DA:239,3
DA:240,3
DA:241,3
DA:242,3
DA:243,3
DA:244,3
DA:245,3
DA:246,3
DA:247,3
DA:248,3
DA:249,3
DA:250,3
DA:251,3
DA:252,3
DA:253,3
DA:254,3
DA:255,3
DA:256,3
DA:257,3
DA:258,3
DA:259,3
DA:260,3
DA:261,3
DA:262,3
DA:263,3
DA:264,3
DA:265,3
DA:266,3
DA:267,3
DA:268,3
DA:269,3
DA:270,3
DA:271,3
DA:272,3
DA:273,3
DA:274,3
DA:275,3
DA:276,3
DA:277,3
DA:278,3
DA:279,3
DA:280,3
DA:281,3
DA:282,3
DA:283,3
DA:284,3
DA:285,3
DA:286,3
DA:287,3
DA:288,3
DA:289,3
DA:290,3
DA:291,3
DA:292,3
DA:293,3
DA:294,3
DA:295,3
DA:296,3
DA:297,3
DA:298,3
DA:299,3
DA:300,3
DA:301,3
DA:302,3
DA:303,3
DA:304,3
DA:305,3
DA:306,3
DA:307,3
DA:308,3
DA:309,3
DA:310,3
DA:311,3
DA:312,3
DA:313,3
DA:314,3
DA:315,3
DA:316,3
DA:317,3
DA:318,3
DA:319,3
DA:320,3
DA:321,3
DA:322,3
DA:323,3
DA:324,3
DA:325,3
DA:326,3
DA:327,3
DA:328,3
DA:329,3
DA:330,3
DA:331,3
DA:332,3
DA:333,3
DA:334,3
DA:335,3
DA:336,3
DA:337,3
DA:338,3
DA:339,3
DA:340,3
DA:341,3
DA:342,3
DA:343,3
DA:344,3
DA:345,3
DA:346,3
DA:347,3
DA:348,3
DA:349,3
DA:350,3
DA:351,3
DA:352,3
DA:353,3
DA:354,3
DA:355,3
DA:356,3
DA:357,3
DA:358,3
DA:359,3
DA:360,3
DA:361,3
DA:362,3
DA:363,3
DA:364,3
DA:365,3
DA:366,3
DA:367,3
DA:368,3
DA:369,3
DA:370,3
DA:371,3
DA:372,3
DA:373,3
DA:374,3
DA:375,3
DA:376,3
DA:377,3
DA:378,3
LH:276
LF:378
end_of_record
SF:src/lib/walk.ts
FN:1,__name
FN:8,walk
FNDA:3,__name
FNDA:0,walk
FNF:2
FNH:1
BRDA:1,0,0,3
BRDA:1,1,0,3
BRF:2
BRH:2
DA:1,3
DA:2,3
DA:3,3
DA:4,3
DA:5,3
DA:6,3
DA:7,3
DA:8,3
DA:9,0
DA:10,0
DA:11,0
DA:12,0
DA:13,0
DA:14,0
DA:15,0
DA:16,0
DA:17,0
DA:18,0
DA:19,0
DA:20,0
DA:21,0
DA:22,0
DA:23,0
DA:24,0
DA:25,3
DA:26,3
DA:27,3
DA:28,3
DA:29,3
DA:30,3
DA:31,3
DA:32,3
DA:33,3
DA:34,3
DA:35,3
DA:36,3
DA:37,3
DA:38,3
DA:39,3
LH:23
LF:39
end_of_record
SF:tests/cb.test.ts
FN:5,anonymous_0
FN:9,anonymous_1
FN:12,anonymous_2
FN:12,anonymous_3
FN:18,anonymous_4
FN:25,anonymous_5
FN:26,anonymous_6
FN:34,anonymous_7
FN:39,anonymous_8
FN:41,anonymous_9
FN:46,anonymous_10
FN:48,anonymous_11
FN:56,anonymous_12
FN:56,anonymous_13
FNDA:1,anonymous_0
FNDA:1,anonymous_1
FNDA:1,anonymous_2
FNDA:1,anonymous_3
FNDA:1,anonymous_4
FNDA:1,anonymous_5
FNDA:1,anonymous_6
FNDA:1,anonymous_7
FNDA:1,anonymous_8
FNDA:1,anonymous_9
FNDA:1,anonymous_10
FNDA:1,anonymous_11
FNDA:1,anonymous_12
FNDA:1,anonymous_13
FNF:14
FNH:14
BRDA:1,0,0,1
BRDA:5,1,0,1
BRDA:9,2,0,1
BRDA:12,3,0,1
BRDA:12,4,0,1
BRDA:18,5,0,1
BRDA:25,6,0,1
BRDA:26,7,0,1
BRDA:34,8,0,1
BRDA:39,9,0,1
BRDA:41,10,0,1
BRDA:46,11,0,1
BRDA:48,12,0,1
BRDA:56,13,0,1
BRDA:56,14,0,1
BRF:15
BRH:15
DA:1,1
DA:2,1
DA:3,1
DA:4,1
DA:5,1
DA:6,1
DA:7,1
DA:8,1
DA:9,1
DA:10,1
DA:11,1
DA:12,1
DA:13,1
DA:14,1
DA:15,1
DA:16,1
DA:17,1
DA:18,1
DA:19,1
DA:20,1
DA:21,1
DA:22,1
DA:23,1
DA:24,1
DA:25,1
DA:26,1
DA:27,1
DA:28,1
DA:29,1
DA:30,1
DA:31,1
DA:32,1
DA:33,1
DA:34,1
DA:35,1
DA:36,1
DA:37,1
DA:38,1
DA:39,1
DA:40,1
DA:41,1
DA:42,1
DA:43,1
DA:44,1
DA:45,1
DA:46,1
DA:47,1
DA:48,1
DA:49,1
DA:50,1
DA:51,1
DA:52,1
DA:53,1
DA:54,1
DA:55,1
DA:56,1
DA:57,1
DA:58,1
DA:59,1
DA:60,1
DA:61,1
DA:62,1
DA:63,1
DA:64,1
DA:65,1
DA:66,1
DA:67,1
DA:68,1
DA:69,1
DA:70,1
DA:71,1
DA:72,1
DA:73,1
DA:74,1
DA:75,1
DA:76,1
DA:77,1
DA:78,1
DA:79,1
DA:80,1
DA:81,1
DA:82,1
DA:83,1
DA:84,1
LH:84
LF:84
end_of_record
SF:tests/headings.test.ts
FN:5,anonymous_0
FN:9,anonymous_1
FN:11,anonymous_2
FN:12,anonymous_3
FN:18,anonymous_4
FN:23,anonymous_5
FN:29,anonymous_6
FN:34,anonymous_7
FN:39,anonymous_8
FN:45,anonymous_9
FN:46,anonymous_10
FN:53,anonymous_11
FN:60,anonymous_12
FN:65,anonymous_13
FN:71,anonymous_14
FN:77,anonymous_15
FN:84,anonymous_16
FN:85,anonymous_17
FN:91,anonymous_18
FN:96,anonymous_19
FNDA:1,anonymous_0
FNDA:1,anonymous_1
FNDA:1,anonymous_2
FNDA:1,anonymous_3
FNDA:1,anonymous_4
FNDA:1,anonymous_5
FNDA:1,anonymous_6
FNDA:1,anonymous_7
FNDA:1,anonymous_8
FNDA:1,anonymous_9
FNDA:1,anonymous_10
FNDA:1,anonymous_11
FNDA:1,anonymous_12
FNDA:1,anonymous_13
FNDA:1,anonymous_14
FNDA:1,anonymous_15
FNDA:1,anonymous_16
FNDA:1,anonymous_17
FNDA:1,anonymous_18
FNDA:1,anonymous_19
FNF:20
FNH:20
BRDA:1,0,0,1
BRDA:5,1,0,1
BRDA:9,2,0,1
BRDA:11,3,0,1
BRDA:12,4,0,1
BRDA:18,5,0,1
BRDA:23,6,0,1
BRDA:29,7,0,1
BRDA:34,8,0,1
BRDA:39,9,0,1
BRDA:45,10,0,1
BRDA:46,11,0,1
BRDA:53,12,0,1
BRDA:60,13,0,1
BRDA:65,14,0,1
BRDA:71,15,0,1
BRDA:77,16,0,1
BRDA:84,17,0,1
BRDA:85,18,0,1
BRDA:91,19,0,1
BRDA:96,20,0,1
BRF:21
BRH:21
DA:1,1
DA:2,1
DA:3,1
DA:4,1
DA:5,1
DA:6,1
DA:7,1
DA:8,1
DA:9,1
DA:10,1
DA:11,1
DA:12,1
DA:13,1
DA:14,1
DA:15,1
DA:16,1
DA:17,1
DA:18,1
DA:19,1
DA:20,1
DA:21,1
DA:22,1
DA:23,1
DA:24,1
DA:25,1
DA:26,1
DA:27,1
DA:28,1
DA:29,1
DA:30,1
DA:31,1
DA:32,1
DA:33,1
DA:34,1
DA:35,1
DA:36,1
DA:37,1
DA:38,1
DA:39,1
DA:40,1
DA:41,1
DA:42,1
DA:43,1
DA:44,1
DA:45,1
DA:46,1
DA:47,1
DA:48,1
DA:49,1
DA:50,1
DA:51,1
DA:52,1
DA:53,1
DA:54,1
DA:55,1
DA:56,1
DA:57,1
DA:58,1
DA:59,1
DA:60,1
DA:61,1
DA:62,1
DA:63,1
DA:64,1
DA:65,1
DA:66,1
DA:67,1
DA:68,1
DA:69,1
DA:70,1
DA:71,1
DA:72,1
DA:73,1
DA:74,1
DA:75,1
DA:76,1
DA:77,1
DA:78,1
DA:79,1
DA:80,1
DA:81,1
DA:82,1
DA:83,1
DA:84,1
DA:85,1
DA:86,1
DA:87,1
DA:88,1
DA:89,1
DA:90,1
DA:91,1
DA:92,1
DA:93,1
DA:94,1
DA:95,1
DA:96,1
DA:97,1
DA:98,1
DA:99,1
DA:100,1
DA:101,1
DA:102,1
DA:103,1
DA:104,1
DA:105,1
DA:106,1
DA:107,1
DA:108,1
DA:109,1
DA:110,1
DA:111,1
DA:112,1
DA:113,1
DA:114,1
DA:115,1
DA:116,1
DA:117,1
DA:118,1
DA:119,1
DA:120,1
DA:121,1
DA:122,1
DA:123,1
DA:124,1
DA:125,1
DA:126,1
DA:127,1
DA:128,1
LH:128
LF:128
end_of_record
SF:tests/lists.test.ts
FN:3,anonymous_0
FNDA:0,anonymous_0
FNF:1
FNH:0
BRDA:1,0,0,1
BRF:1
BRH:1
DA:1,1
DA:2,1
DA:3,1
DA:4,0
DA:5,0
DA:6,0
DA:7,0
DA:8,1
DA:9,1
DA:10,1
LH:6
LF:10
end_of_record
SF:tests/paragraph.test.ts
FN:5,anonymous_0
FN:9,anonymous_1
FN:12,anonymous_2
FN:17,anonymous_3
FN:24,anonymous_4
FN:30,anonymous_5
FN:36,anonymous_6
FN:43,anonymous_7
FN:48,anonymous_8
FN:54,anonymous_9
FN:61,anonymous_10
FN:67,anonymous_11
FN:73,anonymous_12
FN:78,anonymous_13
FN:84,anonymous_14
FN:91,anonymous_15
FNDA:1,anonymous_0
FNDA:1,anonymous_1
FNDA:1,anonymous_2
FNDA:1,anonymous_3
FNDA:1,anonymous_4
FNDA:1,anonymous_5
FNDA:1,anonymous_6
FNDA:1,anonymous_7
FNDA:1,anonymous_8
FNDA:1,anonymous_9
FNDA:1,anonymous_10
FNDA:1,anonymous_11
FNDA:1,anonymous_12
FNDA:1,anonymous_13
FNDA:1,anonymous_14
FNDA:1,anonymous_15
FNF:16
FNH:16
BRDA:1,0,0,1
BRDA:5,1,0,1
BRDA:9,2,0,1
BRDA:12,3,0,1
BRDA:17,4,0,1
BRDA:24,5,0,1
BRDA:30,6,0,1
BRDA:36,7,0,1
BRDA:43,8,0,1
BRDA:48,9,0,1
BRDA:54,10,0,1
BRDA:61,11,0,1
BRDA:67,12,0,1
BRDA:73,13,0,1
BRDA:78,14,0,1
BRDA:84,15,0,1
BRDA:91,16,0,1
BRF:17
BRH:17
DA:1,1
DA:2,1
DA:3,1
DA:4,1
DA:5,1
DA:6,1
DA:7,1
DA:8,1
DA:9,1
DA:10,1
DA:11,1
DA:12,1
DA:13,1
DA:14,1
DA:15,1
DA:16,1
DA:17,1
DA:18,1
DA:19,1
DA:20,1
DA:21,1
DA:22,1
DA:23,1
DA:24,1
DA:25,1
DA:26,1
DA:27,1
DA:28,1
DA:29,1
DA:30,1
DA:31,1
DA:32,1
DA:33,1
DA:34,1
DA:35,1
DA:36,1
DA:37,1
DA:38,1
DA:39,1
DA:40,1
DA:41,1
DA:42,1
DA:43,1
DA:44,1
DA:45,1
DA:46,1
DA:47,1
DA:48,1
DA:49,1
DA:50,1
DA:51,1
DA:52,1
DA:53,1
DA:54,1
DA:55,1
DA:56,1
DA:57,1
DA:58,1
DA:59,1
DA:60,1
DA:61,1
DA:62,1
DA:63,1
DA:64,1
DA:65,1
DA:66,1
DA:67,1
DA:68,1
DA:69,1
DA:70,1
DA:71,1
DA:72,1
DA:73,1
DA:74,1
DA:75,1
DA:76,1
DA:77,1
DA:78,1
DA:79,1
DA:80,1
DA:81,1
DA:82,1
DA:83,1
DA:84,1
DA:85,1
DA:86,1
DA:87,1
DA:88,1
DA:89,1
DA:90,1
DA:91,1
DA:92,1
DA:93,1
DA:94,1
DA:95,1
DA:96,1
DA:97,1
DA:98,1
DA:99,1
DA:100,1
DA:101,1
DA:102,1
DA:103,1
DA:104,1
DA:105,1
DA:106,1
DA:107,1
DA:108,1
DA:109,1
DA:110,1
DA:111,1
DA:112,1
DA:113,1
DA:114,1
DA:115,1
DA:116,1
DA:117,1
DA:118,1
DA:119,1
LH:119
LF:119
end_of_record
